[2023-12-11T00:00:03.791+0000] {taskinstance.py:1159} INFO - Dependencies all met for dep_context=non-requeueable deps ti=<TaskInstance: ETL_toll_data.unzip_data scheduled__2023-12-10T00:00:00+00:00 [queued]>
[2023-12-11T00:00:03.859+0000] {taskinstance.py:1159} INFO - Dependencies all met for dep_context=requeueable deps ti=<TaskInstance: ETL_toll_data.unzip_data scheduled__2023-12-10T00:00:00+00:00 [queued]>
[2023-12-11T00:00:03.859+0000] {taskinstance.py:1361} INFO - Starting attempt 1 of 2
[2023-12-11T00:00:03.900+0000] {taskinstance.py:1382} INFO - Executing <Task(BashOperator): unzip_data> on 2023-12-10 00:00:00+00:00
[2023-12-11T00:00:03.913+0000] {standard_task_runner.py:57} INFO - Started process 26351 to run task
[2023-12-11T00:00:03.923+0000] {standard_task_runner.py:84} INFO - Running: ['***', 'tasks', 'run', 'ETL_toll_data', 'unzip_data', 'scheduled__2023-12-10T00:00:00+00:00', '--job-id', '206', '--raw', '--subdir', 'DAGS_FOLDER/ETL_toll_data.py', '--cfg-path', '/tmp/tmpj4m3ojn9']
[2023-12-11T00:00:03.928+0000] {standard_task_runner.py:85} INFO - Job 206: Subtask unzip_data
[2023-12-11T00:00:04.008+0000] {task_command.py:416} INFO - Running <TaskInstance: ETL_toll_data.unzip_data scheduled__2023-12-10T00:00:00+00:00 [running]> on host 227737b5950b
[2023-12-11T00:00:04.191+0000] {taskinstance.py:1662} INFO - Exporting env vars: AIRFLOW_CTX_DAG_EMAIL='chibuikeokenu@gmail.com' AIRFLOW_CTX_DAG_OWNER='Golstine' AIRFLOW_CTX_DAG_ID='ETL_toll_data' AIRFLOW_CTX_TASK_ID='unzip_data' AIRFLOW_CTX_EXECUTION_DATE='2023-12-10T00:00:00+00:00' AIRFLOW_CTX_TRY_NUMBER='1' AIRFLOW_CTX_DAG_RUN_ID='scheduled__2023-12-10T00:00:00+00:00'
[2023-12-11T00:00:04.208+0000] {subprocess.py:63} INFO - Tmp dir root location: /tmp
[2023-12-11T00:00:04.222+0000] {subprocess.py:75} INFO - Running command: ['/bin/bash', '-c', 'tar -zxvf /opt/***/logs/tolldata.tgz -C /opt/***/logs/']
[2023-12-11T00:00:04.263+0000] {subprocess.py:86} INFO - Output:
[2023-12-11T00:00:04.328+0000] {subprocess.py:93} INFO - fileformats.txt
[2023-12-11T00:00:04.328+0000] {subprocess.py:93} INFO - payment-data.txt
[2023-12-11T00:00:04.336+0000] {subprocess.py:93} INFO - ._tollplaza-data.tsv
[2023-12-11T00:00:04.337+0000] {subprocess.py:93} INFO - tollplaza-data.tsv
[2023-12-11T00:00:04.344+0000] {subprocess.py:93} INFO - ._vehicle-data.csv
[2023-12-11T00:00:04.344+0000] {subprocess.py:93} INFO - vehicle-data.csv
[2023-12-11T00:00:04.353+0000] {subprocess.py:97} INFO - Command exited with return code 0
[2023-12-11T00:00:04.400+0000] {taskinstance.py:1400} INFO - Marking task as SUCCESS. dag_id=ETL_toll_data, task_id=unzip_data, execution_date=20231210T000000, start_date=20231211T000003, end_date=20231211T000004
[2023-12-11T00:00:04.476+0000] {local_task_job_runner.py:228} INFO - Task exited with return code 0
[2023-12-11T00:00:04.525+0000] {taskinstance.py:2778} INFO - 1 downstream tasks scheduled from follow-on schedule check
