[2023-12-01T00:05:55.459+0000] {taskinstance.py:1159} INFO - Dependencies all met for dep_context=non-requeueable deps ti=<TaskInstance: ETL_toll_data.unzip_data scheduled__2023-11-30T00:00:00+00:00 [queued]>
[2023-12-01T00:05:55.507+0000] {taskinstance.py:1159} INFO - Dependencies all met for dep_context=requeueable deps ti=<TaskInstance: ETL_toll_data.unzip_data scheduled__2023-11-30T00:00:00+00:00 [queued]>
[2023-12-01T00:05:55.508+0000] {taskinstance.py:1361} INFO - Starting attempt 1 of 2
[2023-12-01T00:05:55.708+0000] {taskinstance.py:1382} INFO - Executing <Task(BashOperator): unzip_data> on 2023-11-30 00:00:00+00:00
[2023-12-01T00:05:55.828+0000] {standard_task_runner.py:57} INFO - Started process 2101 to run task
[2023-12-01T00:05:55.912+0000] {standard_task_runner.py:84} INFO - Running: ['***', 'tasks', 'run', 'ETL_toll_data', 'unzip_data', 'scheduled__2023-11-30T00:00:00+00:00', '--job-id', '15', '--raw', '--subdir', 'DAGS_FOLDER/ETL_toll_data.py', '--cfg-path', '/tmp/tmptik_wdyf']
[2023-12-01T00:05:55.919+0000] {standard_task_runner.py:85} INFO - Job 15: Subtask unzip_data
[2023-12-01T00:05:57.348+0000] {task_command.py:416} INFO - Running <TaskInstance: ETL_toll_data.unzip_data scheduled__2023-11-30T00:00:00+00:00 [running]> on host 227737b5950b
[2023-12-01T00:05:58.411+0000] {taskinstance.py:1662} INFO - Exporting env vars: AIRFLOW_CTX_DAG_EMAIL='chibuikeokenu@gmail.com' AIRFLOW_CTX_DAG_OWNER='Golstine' AIRFLOW_CTX_DAG_ID='ETL_toll_data' AIRFLOW_CTX_TASK_ID='unzip_data' AIRFLOW_CTX_EXECUTION_DATE='2023-11-30T00:00:00+00:00' AIRFLOW_CTX_TRY_NUMBER='1' AIRFLOW_CTX_DAG_RUN_ID='scheduled__2023-11-30T00:00:00+00:00'
[2023-12-01T00:05:58.424+0000] {subprocess.py:63} INFO - Tmp dir root location: /tmp
[2023-12-01T00:05:58.434+0000] {subprocess.py:75} INFO - Running command: ['/bin/bash', '-c', 'ls -l /opt/***/logs/scheduler']
[2023-12-01T00:05:58.579+0000] {subprocess.py:86} INFO - Output:
[2023-12-01T00:05:58.640+0000] {subprocess.py:93} INFO - total 8
[2023-12-01T00:05:58.641+0000] {subprocess.py:93} INFO - drwxrwxr-x 2 *** root 4096 Nov 30 21:54 2023-11-30
[2023-12-01T00:05:58.642+0000] {subprocess.py:93} INFO - drwxrwxr-x 2 *** root 4096 Dec  1 00:05 2023-12-01
[2023-12-01T00:05:58.642+0000] {subprocess.py:93} INFO - lrwxrwxrwx 1 *** root   38 Dec  1 00:05 latest -> /opt/***/logs/scheduler/2023-12-01
[2023-12-01T00:05:58.643+0000] {subprocess.py:97} INFO - Command exited with return code 0
[2023-12-01T00:05:59.001+0000] {taskinstance.py:1400} INFO - Marking task as SUCCESS. dag_id=ETL_toll_data, task_id=unzip_data, execution_date=20231130T000000, start_date=20231201T000555, end_date=20231201T000559
[2023-12-01T00:05:59.258+0000] {local_task_job_runner.py:228} INFO - Task exited with return code 0
[2023-12-01T00:05:59.513+0000] {taskinstance.py:2778} INFO - 0 downstream tasks scheduled from follow-on schedule check
