[2023-12-07T23:45:47.169+0000] {processor.py:157} INFO - Started process (PID=37) to work on /opt/airflow/dags/ETL_toll_data.py
[2023-12-07T23:45:47.171+0000] {processor.py:829} INFO - Processing file /opt/airflow/dags/ETL_toll_data.py for tasks to queue
[2023-12-07T23:45:47.253+0000] {logging_mixin.py:154} INFO - [2023-12-07T23:45:47.251+0000] {dagbag.py:536} INFO - Filling up the DagBag from /opt/airflow/dags/ETL_toll_data.py
[2023-12-07T23:45:47.302+0000] {processor.py:839} INFO - DAG(s) dict_keys(['ETL_toll_data']) retrieved from /opt/airflow/dags/ETL_toll_data.py
[2023-12-07T23:45:48.040+0000] {logging_mixin.py:154} INFO - [2023-12-07T23:45:48.040+0000] {dag.py:2941} INFO - Sync 1 DAGs
[2023-12-07T23:45:48.117+0000] {logging_mixin.py:154} INFO - [2023-12-07T23:45:48.117+0000] {dag.py:3722} INFO - Setting next_dagrun for ETL_toll_data to 2023-12-07T00:00:00+00:00, run_after=2023-12-08T00:00:00+00:00
[2023-12-07T23:45:48.202+0000] {processor.py:179} INFO - Processing /opt/airflow/dags/ETL_toll_data.py took 1.040 seconds
[2023-12-07T23:46:18.699+0000] {processor.py:157} INFO - Started process (PID=45) to work on /opt/airflow/dags/ETL_toll_data.py
[2023-12-07T23:46:18.703+0000] {processor.py:829} INFO - Processing file /opt/airflow/dags/ETL_toll_data.py for tasks to queue
[2023-12-07T23:46:18.710+0000] {logging_mixin.py:154} INFO - [2023-12-07T23:46:18.709+0000] {dagbag.py:536} INFO - Filling up the DagBag from /opt/airflow/dags/ETL_toll_data.py
[2023-12-07T23:46:18.768+0000] {processor.py:839} INFO - DAG(s) dict_keys(['ETL_toll_data']) retrieved from /opt/airflow/dags/ETL_toll_data.py
[2023-12-07T23:46:18.937+0000] {logging_mixin.py:154} INFO - [2023-12-07T23:46:18.937+0000] {dag.py:2941} INFO - Sync 1 DAGs
[2023-12-07T23:46:19.011+0000] {logging_mixin.py:154} INFO - [2023-12-07T23:46:19.010+0000] {dag.py:3722} INFO - Setting next_dagrun for ETL_toll_data to 2023-12-07T00:00:00+00:00, run_after=2023-12-08T00:00:00+00:00
[2023-12-07T23:46:19.043+0000] {processor.py:179} INFO - Processing /opt/airflow/dags/ETL_toll_data.py took 0.367 seconds
[2023-12-07T23:46:49.463+0000] {processor.py:157} INFO - Started process (PID=53) to work on /opt/airflow/dags/ETL_toll_data.py
[2023-12-07T23:46:49.465+0000] {processor.py:829} INFO - Processing file /opt/airflow/dags/ETL_toll_data.py for tasks to queue
[2023-12-07T23:46:49.481+0000] {logging_mixin.py:154} INFO - [2023-12-07T23:46:49.478+0000] {dagbag.py:536} INFO - Filling up the DagBag from /opt/airflow/dags/ETL_toll_data.py
[2023-12-07T23:46:49.604+0000] {processor.py:839} INFO - DAG(s) dict_keys(['ETL_toll_data']) retrieved from /opt/airflow/dags/ETL_toll_data.py
[2023-12-07T23:46:49.789+0000] {logging_mixin.py:154} INFO - [2023-12-07T23:46:49.788+0000] {dag.py:2941} INFO - Sync 1 DAGs
[2023-12-07T23:46:49.901+0000] {logging_mixin.py:154} INFO - [2023-12-07T23:46:49.901+0000] {dag.py:3722} INFO - Setting next_dagrun for ETL_toll_data to 2023-12-07T00:00:00+00:00, run_after=2023-12-08T00:00:00+00:00
[2023-12-07T23:46:49.967+0000] {processor.py:179} INFO - Processing /opt/airflow/dags/ETL_toll_data.py took 0.515 seconds
[2023-12-07T23:47:20.297+0000] {processor.py:157} INFO - Started process (PID=61) to work on /opt/airflow/dags/ETL_toll_data.py
[2023-12-07T23:47:20.302+0000] {processor.py:829} INFO - Processing file /opt/airflow/dags/ETL_toll_data.py for tasks to queue
[2023-12-07T23:47:20.305+0000] {logging_mixin.py:154} INFO - [2023-12-07T23:47:20.305+0000] {dagbag.py:536} INFO - Filling up the DagBag from /opt/airflow/dags/ETL_toll_data.py
[2023-12-07T23:47:20.329+0000] {processor.py:839} INFO - DAG(s) dict_keys(['ETL_toll_data']) retrieved from /opt/airflow/dags/ETL_toll_data.py
[2023-12-07T23:47:20.390+0000] {logging_mixin.py:154} INFO - [2023-12-07T23:47:20.390+0000] {dag.py:2941} INFO - Sync 1 DAGs
[2023-12-07T23:47:20.432+0000] {logging_mixin.py:154} INFO - [2023-12-07T23:47:20.431+0000] {dag.py:3722} INFO - Setting next_dagrun for ETL_toll_data to 2023-12-07T00:00:00+00:00, run_after=2023-12-08T00:00:00+00:00
[2023-12-07T23:47:20.473+0000] {processor.py:179} INFO - Processing /opt/airflow/dags/ETL_toll_data.py took 0.182 seconds
[2023-12-07T23:47:51.291+0000] {processor.py:157} INFO - Started process (PID=69) to work on /opt/airflow/dags/ETL_toll_data.py
[2023-12-07T23:47:51.294+0000] {processor.py:829} INFO - Processing file /opt/airflow/dags/ETL_toll_data.py for tasks to queue
[2023-12-07T23:47:51.297+0000] {logging_mixin.py:154} INFO - [2023-12-07T23:47:51.296+0000] {dagbag.py:536} INFO - Filling up the DagBag from /opt/airflow/dags/ETL_toll_data.py
[2023-12-07T23:47:51.313+0000] {processor.py:839} INFO - DAG(s) dict_keys(['ETL_toll_data']) retrieved from /opt/airflow/dags/ETL_toll_data.py
[2023-12-07T23:47:51.380+0000] {logging_mixin.py:154} INFO - [2023-12-07T23:47:51.379+0000] {dag.py:2941} INFO - Sync 1 DAGs
[2023-12-07T23:47:51.424+0000] {logging_mixin.py:154} INFO - [2023-12-07T23:47:51.424+0000] {dag.py:3722} INFO - Setting next_dagrun for ETL_toll_data to 2023-12-07T00:00:00+00:00, run_after=2023-12-08T00:00:00+00:00
[2023-12-07T23:47:51.465+0000] {processor.py:179} INFO - Processing /opt/airflow/dags/ETL_toll_data.py took 0.180 seconds
[2023-12-07T23:48:22.427+0000] {processor.py:157} INFO - Started process (PID=78) to work on /opt/airflow/dags/ETL_toll_data.py
[2023-12-07T23:48:22.434+0000] {processor.py:829} INFO - Processing file /opt/airflow/dags/ETL_toll_data.py for tasks to queue
[2023-12-07T23:48:22.471+0000] {logging_mixin.py:154} INFO - [2023-12-07T23:48:22.437+0000] {dagbag.py:536} INFO - Filling up the DagBag from /opt/airflow/dags/ETL_toll_data.py
[2023-12-07T23:48:22.613+0000] {processor.py:839} INFO - DAG(s) dict_keys(['ETL_toll_data']) retrieved from /opt/airflow/dags/ETL_toll_data.py
[2023-12-07T23:48:22.743+0000] {logging_mixin.py:154} INFO - [2023-12-07T23:48:22.743+0000] {dag.py:2941} INFO - Sync 1 DAGs
[2023-12-07T23:48:23.123+0000] {logging_mixin.py:154} INFO - [2023-12-07T23:48:23.122+0000] {dag.py:3722} INFO - Setting next_dagrun for ETL_toll_data to 2023-12-07T00:00:00+00:00, run_after=2023-12-08T00:00:00+00:00
[2023-12-07T23:48:23.239+0000] {processor.py:179} INFO - Processing /opt/airflow/dags/ETL_toll_data.py took 0.817 seconds
[2023-12-07T23:48:53.783+0000] {processor.py:157} INFO - Started process (PID=106) to work on /opt/airflow/dags/ETL_toll_data.py
[2023-12-07T23:48:53.786+0000] {processor.py:829} INFO - Processing file /opt/airflow/dags/ETL_toll_data.py for tasks to queue
[2023-12-07T23:48:53.791+0000] {logging_mixin.py:154} INFO - [2023-12-07T23:48:53.789+0000] {dagbag.py:536} INFO - Filling up the DagBag from /opt/airflow/dags/ETL_toll_data.py
[2023-12-07T23:48:53.821+0000] {processor.py:839} INFO - DAG(s) dict_keys(['ETL_toll_data']) retrieved from /opt/airflow/dags/ETL_toll_data.py
[2023-12-07T23:48:53.892+0000] {logging_mixin.py:154} INFO - [2023-12-07T23:48:53.892+0000] {dag.py:2941} INFO - Sync 1 DAGs
[2023-12-07T23:48:54.022+0000] {logging_mixin.py:154} INFO - [2023-12-07T23:48:54.022+0000] {dag.py:3722} INFO - Setting next_dagrun for ETL_toll_data to 2023-12-07T00:00:00+00:00, run_after=2023-12-08T00:00:00+00:00
[2023-12-07T23:48:54.074+0000] {processor.py:179} INFO - Processing /opt/airflow/dags/ETL_toll_data.py took 0.296 seconds
[2023-12-07T23:49:24.263+0000] {processor.py:157} INFO - Started process (PID=114) to work on /opt/airflow/dags/ETL_toll_data.py
[2023-12-07T23:49:24.267+0000] {processor.py:829} INFO - Processing file /opt/airflow/dags/ETL_toll_data.py for tasks to queue
[2023-12-07T23:49:24.272+0000] {logging_mixin.py:154} INFO - [2023-12-07T23:49:24.272+0000] {dagbag.py:536} INFO - Filling up the DagBag from /opt/airflow/dags/ETL_toll_data.py
[2023-12-07T23:49:24.319+0000] {processor.py:839} INFO - DAG(s) dict_keys(['ETL_toll_data']) retrieved from /opt/airflow/dags/ETL_toll_data.py
[2023-12-07T23:49:24.440+0000] {logging_mixin.py:154} INFO - [2023-12-07T23:49:24.439+0000] {dag.py:2941} INFO - Sync 1 DAGs
[2023-12-07T23:49:24.523+0000] {logging_mixin.py:154} INFO - [2023-12-07T23:49:24.522+0000] {dag.py:3722} INFO - Setting next_dagrun for ETL_toll_data to 2023-12-07T00:00:00+00:00, run_after=2023-12-08T00:00:00+00:00
[2023-12-07T23:49:24.587+0000] {processor.py:179} INFO - Processing /opt/airflow/dags/ETL_toll_data.py took 0.334 seconds
[2023-12-07T23:49:55.008+0000] {processor.py:157} INFO - Started process (PID=122) to work on /opt/airflow/dags/ETL_toll_data.py
[2023-12-07T23:49:55.022+0000] {processor.py:829} INFO - Processing file /opt/airflow/dags/ETL_toll_data.py for tasks to queue
[2023-12-07T23:49:55.047+0000] {logging_mixin.py:154} INFO - [2023-12-07T23:49:55.047+0000] {dagbag.py:536} INFO - Filling up the DagBag from /opt/airflow/dags/ETL_toll_data.py
[2023-12-07T23:49:55.129+0000] {processor.py:839} INFO - DAG(s) dict_keys(['ETL_toll_data']) retrieved from /opt/airflow/dags/ETL_toll_data.py
[2023-12-07T23:49:55.282+0000] {logging_mixin.py:154} INFO - [2023-12-07T23:49:55.281+0000] {dag.py:2941} INFO - Sync 1 DAGs
[2023-12-07T23:49:55.431+0000] {logging_mixin.py:154} INFO - [2023-12-07T23:49:55.431+0000] {dag.py:3722} INFO - Setting next_dagrun for ETL_toll_data to 2023-12-07T00:00:00+00:00, run_after=2023-12-08T00:00:00+00:00
[2023-12-07T23:49:55.539+0000] {processor.py:179} INFO - Processing /opt/airflow/dags/ETL_toll_data.py took 0.538 seconds
[2023-12-07T23:50:26.283+0000] {processor.py:157} INFO - Started process (PID=129) to work on /opt/airflow/dags/ETL_toll_data.py
[2023-12-07T23:50:26.286+0000] {processor.py:829} INFO - Processing file /opt/airflow/dags/ETL_toll_data.py for tasks to queue
[2023-12-07T23:50:26.327+0000] {logging_mixin.py:154} INFO - [2023-12-07T23:50:26.319+0000] {dagbag.py:536} INFO - Filling up the DagBag from /opt/airflow/dags/ETL_toll_data.py
[2023-12-07T23:50:26.410+0000] {processor.py:839} INFO - DAG(s) dict_keys(['ETL_toll_data']) retrieved from /opt/airflow/dags/ETL_toll_data.py
[2023-12-07T23:50:26.666+0000] {logging_mixin.py:154} INFO - [2023-12-07T23:50:26.666+0000] {dag.py:2941} INFO - Sync 1 DAGs
[2023-12-07T23:50:26.914+0000] {logging_mixin.py:154} INFO - [2023-12-07T23:50:26.912+0000] {dag.py:3722} INFO - Setting next_dagrun for ETL_toll_data to 2023-12-07T00:00:00+00:00, run_after=2023-12-08T00:00:00+00:00
[2023-12-07T23:50:27.007+0000] {processor.py:179} INFO - Processing /opt/airflow/dags/ETL_toll_data.py took 0.735 seconds
[2023-12-07T23:50:57.679+0000] {processor.py:157} INFO - Started process (PID=137) to work on /opt/airflow/dags/ETL_toll_data.py
[2023-12-07T23:50:57.812+0000] {processor.py:829} INFO - Processing file /opt/airflow/dags/ETL_toll_data.py for tasks to queue
[2023-12-07T23:50:57.973+0000] {logging_mixin.py:154} INFO - [2023-12-07T23:50:57.876+0000] {dagbag.py:536} INFO - Filling up the DagBag from /opt/airflow/dags/ETL_toll_data.py
[2023-12-07T23:50:58.283+0000] {processor.py:839} INFO - DAG(s) dict_keys(['ETL_toll_data']) retrieved from /opt/airflow/dags/ETL_toll_data.py
[2023-12-07T23:50:59.293+0000] {logging_mixin.py:154} INFO - [2023-12-07T23:50:59.292+0000] {dag.py:2941} INFO - Sync 1 DAGs
[2023-12-07T23:50:59.694+0000] {logging_mixin.py:154} INFO - [2023-12-07T23:50:59.694+0000] {dag.py:3722} INFO - Setting next_dagrun for ETL_toll_data to 2023-12-07T00:00:00+00:00, run_after=2023-12-08T00:00:00+00:00
[2023-12-07T23:51:00.183+0000] {processor.py:179} INFO - Processing /opt/airflow/dags/ETL_toll_data.py took 2.578 seconds
[2023-12-07T23:51:31.095+0000] {processor.py:157} INFO - Started process (PID=146) to work on /opt/airflow/dags/ETL_toll_data.py
[2023-12-07T23:51:31.126+0000] {processor.py:829} INFO - Processing file /opt/airflow/dags/ETL_toll_data.py for tasks to queue
[2023-12-07T23:51:31.272+0000] {logging_mixin.py:154} INFO - [2023-12-07T23:51:31.271+0000] {dagbag.py:536} INFO - Filling up the DagBag from /opt/airflow/dags/ETL_toll_data.py
[2023-12-07T23:51:32.319+0000] {processor.py:839} INFO - DAG(s) dict_keys(['ETL_toll_data']) retrieved from /opt/airflow/dags/ETL_toll_data.py
[2023-12-07T23:51:32.807+0000] {logging_mixin.py:154} INFO - [2023-12-07T23:51:32.807+0000] {dag.py:2941} INFO - Sync 1 DAGs
[2023-12-07T23:51:33.483+0000] {logging_mixin.py:154} INFO - [2023-12-07T23:51:33.482+0000] {dag.py:3722} INFO - Setting next_dagrun for ETL_toll_data to 2023-12-07T00:00:00+00:00, run_after=2023-12-08T00:00:00+00:00
[2023-12-07T23:51:33.787+0000] {processor.py:179} INFO - Processing /opt/airflow/dags/ETL_toll_data.py took 2.716 seconds
[2023-12-07T23:52:04.600+0000] {processor.py:157} INFO - Started process (PID=153) to work on /opt/airflow/dags/ETL_toll_data.py
[2023-12-07T23:52:04.604+0000] {processor.py:829} INFO - Processing file /opt/airflow/dags/ETL_toll_data.py for tasks to queue
[2023-12-07T23:52:04.607+0000] {logging_mixin.py:154} INFO - [2023-12-07T23:52:04.607+0000] {dagbag.py:536} INFO - Filling up the DagBag from /opt/airflow/dags/ETL_toll_data.py
[2023-12-07T23:52:04.640+0000] {processor.py:839} INFO - DAG(s) dict_keys(['ETL_toll_data']) retrieved from /opt/airflow/dags/ETL_toll_data.py
[2023-12-07T23:52:04.891+0000] {logging_mixin.py:154} INFO - [2023-12-07T23:52:04.890+0000] {dag.py:2941} INFO - Sync 1 DAGs
[2023-12-07T23:52:04.970+0000] {logging_mixin.py:154} INFO - [2023-12-07T23:52:04.969+0000] {dag.py:3722} INFO - Setting next_dagrun for ETL_toll_data to 2023-12-07T00:00:00+00:00, run_after=2023-12-08T00:00:00+00:00
[2023-12-07T23:52:05.033+0000] {processor.py:179} INFO - Processing /opt/airflow/dags/ETL_toll_data.py took 0.439 seconds
[2023-12-07T23:52:35.362+0000] {processor.py:157} INFO - Started process (PID=161) to work on /opt/airflow/dags/ETL_toll_data.py
[2023-12-07T23:52:35.367+0000] {processor.py:829} INFO - Processing file /opt/airflow/dags/ETL_toll_data.py for tasks to queue
[2023-12-07T23:52:35.371+0000] {logging_mixin.py:154} INFO - [2023-12-07T23:52:35.370+0000] {dagbag.py:536} INFO - Filling up the DagBag from /opt/airflow/dags/ETL_toll_data.py
[2023-12-07T23:52:35.401+0000] {processor.py:839} INFO - DAG(s) dict_keys(['ETL_toll_data']) retrieved from /opt/airflow/dags/ETL_toll_data.py
[2023-12-07T23:52:35.448+0000] {logging_mixin.py:154} INFO - [2023-12-07T23:52:35.448+0000] {dag.py:2941} INFO - Sync 1 DAGs
[2023-12-07T23:52:35.484+0000] {logging_mixin.py:154} INFO - [2023-12-07T23:52:35.484+0000] {dag.py:3722} INFO - Setting next_dagrun for ETL_toll_data to 2023-12-07T00:00:00+00:00, run_after=2023-12-08T00:00:00+00:00
[2023-12-07T23:52:35.520+0000] {processor.py:179} INFO - Processing /opt/airflow/dags/ETL_toll_data.py took 0.164 seconds
[2023-12-07T23:53:05.643+0000] {processor.py:157} INFO - Started process (PID=169) to work on /opt/airflow/dags/ETL_toll_data.py
[2023-12-07T23:53:05.645+0000] {processor.py:829} INFO - Processing file /opt/airflow/dags/ETL_toll_data.py for tasks to queue
[2023-12-07T23:53:05.648+0000] {logging_mixin.py:154} INFO - [2023-12-07T23:53:05.648+0000] {dagbag.py:536} INFO - Filling up the DagBag from /opt/airflow/dags/ETL_toll_data.py
[2023-12-07T23:53:05.668+0000] {processor.py:839} INFO - DAG(s) dict_keys(['ETL_toll_data']) retrieved from /opt/airflow/dags/ETL_toll_data.py
[2023-12-07T23:53:05.713+0000] {logging_mixin.py:154} INFO - [2023-12-07T23:53:05.712+0000] {dag.py:2941} INFO - Sync 1 DAGs
[2023-12-07T23:53:05.751+0000] {logging_mixin.py:154} INFO - [2023-12-07T23:53:05.751+0000] {dag.py:3722} INFO - Setting next_dagrun for ETL_toll_data to 2023-12-07T00:00:00+00:00, run_after=2023-12-08T00:00:00+00:00
[2023-12-07T23:53:05.822+0000] {processor.py:179} INFO - Processing /opt/airflow/dags/ETL_toll_data.py took 0.184 seconds
[2023-12-07T23:53:36.179+0000] {processor.py:157} INFO - Started process (PID=177) to work on /opt/airflow/dags/ETL_toll_data.py
[2023-12-07T23:53:36.181+0000] {processor.py:829} INFO - Processing file /opt/airflow/dags/ETL_toll_data.py for tasks to queue
[2023-12-07T23:53:36.184+0000] {logging_mixin.py:154} INFO - [2023-12-07T23:53:36.184+0000] {dagbag.py:536} INFO - Filling up the DagBag from /opt/airflow/dags/ETL_toll_data.py
[2023-12-07T23:53:36.226+0000] {processor.py:839} INFO - DAG(s) dict_keys(['ETL_toll_data']) retrieved from /opt/airflow/dags/ETL_toll_data.py
[2023-12-07T23:53:36.275+0000] {logging_mixin.py:154} INFO - [2023-12-07T23:53:36.275+0000] {dag.py:2941} INFO - Sync 1 DAGs
[2023-12-07T23:53:36.308+0000] {logging_mixin.py:154} INFO - [2023-12-07T23:53:36.308+0000] {dag.py:3722} INFO - Setting next_dagrun for ETL_toll_data to 2023-12-07T00:00:00+00:00, run_after=2023-12-08T00:00:00+00:00
[2023-12-07T23:53:36.340+0000] {processor.py:179} INFO - Processing /opt/airflow/dags/ETL_toll_data.py took 0.167 seconds
[2023-12-07T23:54:06.478+0000] {processor.py:157} INFO - Started process (PID=184) to work on /opt/airflow/dags/ETL_toll_data.py
[2023-12-07T23:54:06.480+0000] {processor.py:829} INFO - Processing file /opt/airflow/dags/ETL_toll_data.py for tasks to queue
[2023-12-07T23:54:06.484+0000] {logging_mixin.py:154} INFO - [2023-12-07T23:54:06.483+0000] {dagbag.py:536} INFO - Filling up the DagBag from /opt/airflow/dags/ETL_toll_data.py
[2023-12-07T23:54:06.513+0000] {processor.py:839} INFO - DAG(s) dict_keys(['ETL_toll_data']) retrieved from /opt/airflow/dags/ETL_toll_data.py
[2023-12-07T23:54:06.609+0000] {logging_mixin.py:154} INFO - [2023-12-07T23:54:06.609+0000] {dag.py:2941} INFO - Sync 1 DAGs
[2023-12-07T23:54:06.651+0000] {logging_mixin.py:154} INFO - [2023-12-07T23:54:06.651+0000] {dag.py:3722} INFO - Setting next_dagrun for ETL_toll_data to 2023-12-07T00:00:00+00:00, run_after=2023-12-08T00:00:00+00:00
[2023-12-07T23:54:06.700+0000] {processor.py:179} INFO - Processing /opt/airflow/dags/ETL_toll_data.py took 0.227 seconds
[2023-12-07T23:54:37.393+0000] {processor.py:157} INFO - Started process (PID=193) to work on /opt/airflow/dags/ETL_toll_data.py
[2023-12-07T23:54:37.405+0000] {processor.py:829} INFO - Processing file /opt/airflow/dags/ETL_toll_data.py for tasks to queue
[2023-12-07T23:54:37.409+0000] {logging_mixin.py:154} INFO - [2023-12-07T23:54:37.408+0000] {dagbag.py:536} INFO - Filling up the DagBag from /opt/airflow/dags/ETL_toll_data.py
[2023-12-07T23:54:37.434+0000] {processor.py:839} INFO - DAG(s) dict_keys(['ETL_toll_data']) retrieved from /opt/airflow/dags/ETL_toll_data.py
[2023-12-07T23:54:37.494+0000] {logging_mixin.py:154} INFO - [2023-12-07T23:54:37.494+0000] {dag.py:2941} INFO - Sync 1 DAGs
[2023-12-07T23:54:37.523+0000] {logging_mixin.py:154} INFO - [2023-12-07T23:54:37.523+0000] {dag.py:3722} INFO - Setting next_dagrun for ETL_toll_data to 2023-12-07T00:00:00+00:00, run_after=2023-12-08T00:00:00+00:00
[2023-12-07T23:54:37.552+0000] {processor.py:179} INFO - Processing /opt/airflow/dags/ETL_toll_data.py took 0.163 seconds
[2023-12-07T23:55:07.979+0000] {processor.py:157} INFO - Started process (PID=202) to work on /opt/airflow/dags/ETL_toll_data.py
[2023-12-07T23:55:07.982+0000] {processor.py:829} INFO - Processing file /opt/airflow/dags/ETL_toll_data.py for tasks to queue
[2023-12-07T23:55:07.986+0000] {logging_mixin.py:154} INFO - [2023-12-07T23:55:07.985+0000] {dagbag.py:536} INFO - Filling up the DagBag from /opt/airflow/dags/ETL_toll_data.py
[2023-12-07T23:55:08.010+0000] {processor.py:839} INFO - DAG(s) dict_keys(['ETL_toll_data']) retrieved from /opt/airflow/dags/ETL_toll_data.py
[2023-12-07T23:55:08.075+0000] {logging_mixin.py:154} INFO - [2023-12-07T23:55:08.075+0000] {dag.py:2941} INFO - Sync 1 DAGs
[2023-12-07T23:55:08.123+0000] {logging_mixin.py:154} INFO - [2023-12-07T23:55:08.123+0000] {dag.py:3722} INFO - Setting next_dagrun for ETL_toll_data to 2023-12-07T00:00:00+00:00, run_after=2023-12-08T00:00:00+00:00
[2023-12-07T23:55:08.280+0000] {processor.py:179} INFO - Processing /opt/airflow/dags/ETL_toll_data.py took 0.307 seconds
[2023-12-07T23:55:38.825+0000] {processor.py:157} INFO - Started process (PID=210) to work on /opt/airflow/dags/ETL_toll_data.py
[2023-12-07T23:55:38.828+0000] {processor.py:829} INFO - Processing file /opt/airflow/dags/ETL_toll_data.py for tasks to queue
[2023-12-07T23:55:38.830+0000] {logging_mixin.py:154} INFO - [2023-12-07T23:55:38.830+0000] {dagbag.py:536} INFO - Filling up the DagBag from /opt/airflow/dags/ETL_toll_data.py
[2023-12-07T23:55:38.855+0000] {processor.py:839} INFO - DAG(s) dict_keys(['ETL_toll_data']) retrieved from /opt/airflow/dags/ETL_toll_data.py
[2023-12-07T23:55:38.917+0000] {logging_mixin.py:154} INFO - [2023-12-07T23:55:38.916+0000] {dag.py:2941} INFO - Sync 1 DAGs
[2023-12-07T23:55:38.949+0000] {logging_mixin.py:154} INFO - [2023-12-07T23:55:38.948+0000] {dag.py:3722} INFO - Setting next_dagrun for ETL_toll_data to 2023-12-07T00:00:00+00:00, run_after=2023-12-08T00:00:00+00:00
[2023-12-07T23:55:38.985+0000] {processor.py:179} INFO - Processing /opt/airflow/dags/ETL_toll_data.py took 0.165 seconds
[2023-12-07T23:56:09.409+0000] {processor.py:157} INFO - Started process (PID=217) to work on /opt/airflow/dags/ETL_toll_data.py
[2023-12-07T23:56:09.411+0000] {processor.py:829} INFO - Processing file /opt/airflow/dags/ETL_toll_data.py for tasks to queue
[2023-12-07T23:56:09.415+0000] {logging_mixin.py:154} INFO - [2023-12-07T23:56:09.413+0000] {dagbag.py:536} INFO - Filling up the DagBag from /opt/airflow/dags/ETL_toll_data.py
[2023-12-07T23:56:09.435+0000] {processor.py:839} INFO - DAG(s) dict_keys(['ETL_toll_data']) retrieved from /opt/airflow/dags/ETL_toll_data.py
[2023-12-07T23:56:09.483+0000] {logging_mixin.py:154} INFO - [2023-12-07T23:56:09.483+0000] {dag.py:2941} INFO - Sync 1 DAGs
[2023-12-07T23:56:09.524+0000] {logging_mixin.py:154} INFO - [2023-12-07T23:56:09.524+0000] {dag.py:3722} INFO - Setting next_dagrun for ETL_toll_data to 2023-12-07T00:00:00+00:00, run_after=2023-12-08T00:00:00+00:00
[2023-12-07T23:56:09.556+0000] {processor.py:179} INFO - Processing /opt/airflow/dags/ETL_toll_data.py took 0.156 seconds
[2023-12-07T23:56:39.966+0000] {processor.py:157} INFO - Started process (PID=225) to work on /opt/airflow/dags/ETL_toll_data.py
[2023-12-07T23:56:39.967+0000] {processor.py:829} INFO - Processing file /opt/airflow/dags/ETL_toll_data.py for tasks to queue
[2023-12-07T23:56:39.970+0000] {logging_mixin.py:154} INFO - [2023-12-07T23:56:39.970+0000] {dagbag.py:536} INFO - Filling up the DagBag from /opt/airflow/dags/ETL_toll_data.py
[2023-12-07T23:56:39.988+0000] {processor.py:839} INFO - DAG(s) dict_keys(['ETL_toll_data']) retrieved from /opt/airflow/dags/ETL_toll_data.py
[2023-12-07T23:56:40.037+0000] {logging_mixin.py:154} INFO - [2023-12-07T23:56:40.037+0000] {dag.py:2941} INFO - Sync 1 DAGs
[2023-12-07T23:56:40.073+0000] {logging_mixin.py:154} INFO - [2023-12-07T23:56:40.072+0000] {dag.py:3722} INFO - Setting next_dagrun for ETL_toll_data to 2023-12-07T00:00:00+00:00, run_after=2023-12-08T00:00:00+00:00
[2023-12-07T23:56:40.107+0000] {processor.py:179} INFO - Processing /opt/airflow/dags/ETL_toll_data.py took 0.146 seconds
[2023-12-07T23:57:10.270+0000] {processor.py:157} INFO - Started process (PID=232) to work on /opt/airflow/dags/ETL_toll_data.py
[2023-12-07T23:57:10.289+0000] {processor.py:829} INFO - Processing file /opt/airflow/dags/ETL_toll_data.py for tasks to queue
[2023-12-07T23:57:10.296+0000] {logging_mixin.py:154} INFO - [2023-12-07T23:57:10.295+0000] {dagbag.py:536} INFO - Filling up the DagBag from /opt/airflow/dags/ETL_toll_data.py
[2023-12-07T23:57:10.327+0000] {processor.py:839} INFO - DAG(s) dict_keys(['ETL_toll_data']) retrieved from /opt/airflow/dags/ETL_toll_data.py
[2023-12-07T23:57:10.383+0000] {logging_mixin.py:154} INFO - [2023-12-07T23:57:10.383+0000] {dag.py:2941} INFO - Sync 1 DAGs
[2023-12-07T23:57:10.419+0000] {logging_mixin.py:154} INFO - [2023-12-07T23:57:10.419+0000] {dag.py:3722} INFO - Setting next_dagrun for ETL_toll_data to 2023-12-07T00:00:00+00:00, run_after=2023-12-08T00:00:00+00:00
[2023-12-07T23:57:10.456+0000] {processor.py:179} INFO - Processing /opt/airflow/dags/ETL_toll_data.py took 0.202 seconds
[2023-12-07T23:57:41.274+0000] {processor.py:157} INFO - Started process (PID=240) to work on /opt/airflow/dags/ETL_toll_data.py
[2023-12-07T23:57:41.277+0000] {processor.py:829} INFO - Processing file /opt/airflow/dags/ETL_toll_data.py for tasks to queue
[2023-12-07T23:57:41.279+0000] {logging_mixin.py:154} INFO - [2023-12-07T23:57:41.279+0000] {dagbag.py:536} INFO - Filling up the DagBag from /opt/airflow/dags/ETL_toll_data.py
[2023-12-07T23:57:41.303+0000] {processor.py:839} INFO - DAG(s) dict_keys(['ETL_toll_data']) retrieved from /opt/airflow/dags/ETL_toll_data.py
[2023-12-07T23:57:41.374+0000] {logging_mixin.py:154} INFO - [2023-12-07T23:57:41.374+0000] {dag.py:2941} INFO - Sync 1 DAGs
[2023-12-07T23:57:41.419+0000] {logging_mixin.py:154} INFO - [2023-12-07T23:57:41.419+0000] {dag.py:3722} INFO - Setting next_dagrun for ETL_toll_data to 2023-12-07T00:00:00+00:00, run_after=2023-12-08T00:00:00+00:00
[2023-12-07T23:57:41.457+0000] {processor.py:179} INFO - Processing /opt/airflow/dags/ETL_toll_data.py took 0.190 seconds
[2023-12-07T23:58:12.087+0000] {processor.py:157} INFO - Started process (PID=248) to work on /opt/airflow/dags/ETL_toll_data.py
[2023-12-07T23:58:12.089+0000] {processor.py:829} INFO - Processing file /opt/airflow/dags/ETL_toll_data.py for tasks to queue
[2023-12-07T23:58:12.092+0000] {logging_mixin.py:154} INFO - [2023-12-07T23:58:12.092+0000] {dagbag.py:536} INFO - Filling up the DagBag from /opt/airflow/dags/ETL_toll_data.py
[2023-12-07T23:58:12.113+0000] {processor.py:839} INFO - DAG(s) dict_keys(['ETL_toll_data']) retrieved from /opt/airflow/dags/ETL_toll_data.py
[2023-12-07T23:58:12.162+0000] {logging_mixin.py:154} INFO - [2023-12-07T23:58:12.162+0000] {dag.py:2941} INFO - Sync 1 DAGs
[2023-12-07T23:58:12.200+0000] {logging_mixin.py:154} INFO - [2023-12-07T23:58:12.200+0000] {dag.py:3722} INFO - Setting next_dagrun for ETL_toll_data to 2023-12-07T00:00:00+00:00, run_after=2023-12-08T00:00:00+00:00
[2023-12-07T23:58:12.238+0000] {processor.py:179} INFO - Processing /opt/airflow/dags/ETL_toll_data.py took 0.156 seconds
[2023-12-07T23:58:42.389+0000] {processor.py:157} INFO - Started process (PID=256) to work on /opt/airflow/dags/ETL_toll_data.py
[2023-12-07T23:58:42.390+0000] {processor.py:829} INFO - Processing file /opt/airflow/dags/ETL_toll_data.py for tasks to queue
[2023-12-07T23:58:42.393+0000] {logging_mixin.py:154} INFO - [2023-12-07T23:58:42.392+0000] {dagbag.py:536} INFO - Filling up the DagBag from /opt/airflow/dags/ETL_toll_data.py
[2023-12-07T23:58:42.419+0000] {processor.py:839} INFO - DAG(s) dict_keys(['ETL_toll_data']) retrieved from /opt/airflow/dags/ETL_toll_data.py
[2023-12-07T23:58:42.467+0000] {logging_mixin.py:154} INFO - [2023-12-07T23:58:42.467+0000] {dag.py:2941} INFO - Sync 1 DAGs
[2023-12-07T23:58:42.512+0000] {logging_mixin.py:154} INFO - [2023-12-07T23:58:42.511+0000] {dag.py:3722} INFO - Setting next_dagrun for ETL_toll_data to 2023-12-07T00:00:00+00:00, run_after=2023-12-08T00:00:00+00:00
[2023-12-07T23:58:42.560+0000] {processor.py:179} INFO - Processing /opt/airflow/dags/ETL_toll_data.py took 0.177 seconds
[2023-12-07T23:59:12.896+0000] {processor.py:157} INFO - Started process (PID=264) to work on /opt/airflow/dags/ETL_toll_data.py
[2023-12-07T23:59:12.899+0000] {processor.py:829} INFO - Processing file /opt/airflow/dags/ETL_toll_data.py for tasks to queue
[2023-12-07T23:59:12.909+0000] {logging_mixin.py:154} INFO - [2023-12-07T23:59:12.906+0000] {dagbag.py:536} INFO - Filling up the DagBag from /opt/airflow/dags/ETL_toll_data.py
[2023-12-07T23:59:12.963+0000] {processor.py:839} INFO - DAG(s) dict_keys(['ETL_toll_data']) retrieved from /opt/airflow/dags/ETL_toll_data.py
[2023-12-07T23:59:13.056+0000] {logging_mixin.py:154} INFO - [2023-12-07T23:59:13.056+0000] {dag.py:2941} INFO - Sync 1 DAGs
[2023-12-07T23:59:13.157+0000] {logging_mixin.py:154} INFO - [2023-12-07T23:59:13.157+0000] {dag.py:3722} INFO - Setting next_dagrun for ETL_toll_data to 2023-12-07T00:00:00+00:00, run_after=2023-12-08T00:00:00+00:00
[2023-12-07T23:59:13.202+0000] {processor.py:179} INFO - Processing /opt/airflow/dags/ETL_toll_data.py took 0.313 seconds
[2023-12-07T23:59:43.497+0000] {processor.py:157} INFO - Started process (PID=272) to work on /opt/airflow/dags/ETL_toll_data.py
[2023-12-07T23:59:43.498+0000] {processor.py:829} INFO - Processing file /opt/airflow/dags/ETL_toll_data.py for tasks to queue
[2023-12-07T23:59:43.501+0000] {logging_mixin.py:154} INFO - [2023-12-07T23:59:43.501+0000] {dagbag.py:536} INFO - Filling up the DagBag from /opt/airflow/dags/ETL_toll_data.py
[2023-12-07T23:59:43.523+0000] {processor.py:839} INFO - DAG(s) dict_keys(['ETL_toll_data']) retrieved from /opt/airflow/dags/ETL_toll_data.py
[2023-12-07T23:59:43.580+0000] {logging_mixin.py:154} INFO - [2023-12-07T23:59:43.580+0000] {dag.py:2941} INFO - Sync 1 DAGs
[2023-12-07T23:59:43.615+0000] {logging_mixin.py:154} INFO - [2023-12-07T23:59:43.614+0000] {dag.py:3722} INFO - Setting next_dagrun for ETL_toll_data to 2023-12-07T00:00:00+00:00, run_after=2023-12-08T00:00:00+00:00
[2023-12-07T23:59:43.648+0000] {processor.py:179} INFO - Processing /opt/airflow/dags/ETL_toll_data.py took 0.155 seconds
