[2023-12-01T20:41:01.683+0000] {taskinstance.py:1159} INFO - Dependencies all met for dep_context=non-requeueable deps ti=<TaskInstance: ETL_toll_data.unzip_data manual__2023-12-01T01:36:01.257753+00:00 [queued]>
[2023-12-01T20:41:01.771+0000] {taskinstance.py:1159} INFO - Dependencies all met for dep_context=requeueable deps ti=<TaskInstance: ETL_toll_data.unzip_data manual__2023-12-01T01:36:01.257753+00:00 [queued]>
[2023-12-01T20:41:01.771+0000] {taskinstance.py:1361} INFO - Starting attempt 2 of 3
[2023-12-01T20:41:01.851+0000] {taskinstance.py:1382} INFO - Executing <Task(BashOperator): unzip_data> on 2023-12-01 01:36:01.257753+00:00
[2023-12-01T20:41:01.928+0000] {standard_task_runner.py:57} INFO - Started process 17194 to run task
[2023-12-01T20:41:01.939+0000] {standard_task_runner.py:84} INFO - Running: ['***', 'tasks', 'run', 'ETL_toll_data', 'unzip_data', 'manual__2023-12-01T01:36:01.257753+00:00', '--job-id', '99', '--raw', '--subdir', 'DAGS_FOLDER/ETL_toll_data.py', '--cfg-path', '/tmp/tmpzhy6wi3x']
[2023-12-01T20:41:01.958+0000] {standard_task_runner.py:85} INFO - Job 99: Subtask unzip_data
[2023-12-01T20:41:02.525+0000] {task_command.py:416} INFO - Running <TaskInstance: ETL_toll_data.unzip_data manual__2023-12-01T01:36:01.257753+00:00 [running]> on host 227737b5950b
[2023-12-01T20:41:02.945+0000] {taskinstance.py:1662} INFO - Exporting env vars: AIRFLOW_CTX_DAG_EMAIL='chibuikeokenu@gmail.com' AIRFLOW_CTX_DAG_OWNER='Golstine' AIRFLOW_CTX_DAG_ID='ETL_toll_data' AIRFLOW_CTX_TASK_ID='unzip_data' AIRFLOW_CTX_EXECUTION_DATE='2023-12-01T01:36:01.257753+00:00' AIRFLOW_CTX_TRY_NUMBER='2' AIRFLOW_CTX_DAG_RUN_ID='manual__2023-12-01T01:36:01.257753+00:00'
[2023-12-01T20:41:02.947+0000] {subprocess.py:63} INFO - Tmp dir root location: /tmp
[2023-12-01T20:41:02.948+0000] {subprocess.py:75} INFO - Running command: ['/bin/bash', '-c', 'tar -xvzf /opt/***/logs/tolldata.tgz']
[2023-12-01T20:41:03.031+0000] {subprocess.py:86} INFO - Output:
[2023-12-01T20:41:03.145+0000] {subprocess.py:93} INFO - fileformats.txt
[2023-12-01T20:41:03.145+0000] {subprocess.py:93} INFO - payment-data.txt
[2023-12-01T20:41:03.173+0000] {subprocess.py:93} INFO - ._tollplaza-data.tsv
[2023-12-01T20:41:03.174+0000] {subprocess.py:93} INFO - tollplaza-data.tsv
[2023-12-01T20:41:03.183+0000] {subprocess.py:93} INFO - ._vehicle-data.csv
[2023-12-01T20:41:03.183+0000] {subprocess.py:93} INFO - vehicle-data.csv
[2023-12-01T20:41:03.191+0000] {subprocess.py:97} INFO - Command exited with return code 0
[2023-12-01T20:41:03.387+0000] {taskinstance.py:1400} INFO - Marking task as SUCCESS. dag_id=ETL_toll_data, task_id=unzip_data, execution_date=20231201T013601, start_date=20231201T204101, end_date=20231201T204103
[2023-12-01T20:41:03.639+0000] {local_task_job_runner.py:228} INFO - Task exited with return code 0
[2023-12-01T20:41:03.827+0000] {taskinstance.py:2778} INFO - 1 downstream tasks scheduled from follow-on schedule check
