[2023-12-18T21:49:40.345+0000] {processor.py:157} INFO - Started process (PID=38) to work on /opt/airflow/dags/ETL_toll_data.py
[2023-12-18T21:49:40.353+0000] {processor.py:829} INFO - Processing file /opt/airflow/dags/ETL_toll_data.py for tasks to queue
[2023-12-18T21:49:40.377+0000] {logging_mixin.py:154} INFO - [2023-12-18T21:49:40.375+0000] {dagbag.py:536} INFO - Filling up the DagBag from /opt/airflow/dags/ETL_toll_data.py
[2023-12-18T21:49:40.618+0000] {processor.py:839} INFO - DAG(s) dict_keys(['ETL_toll_data']) retrieved from /opt/airflow/dags/ETL_toll_data.py
[2023-12-18T21:49:41.650+0000] {logging_mixin.py:154} INFO - [2023-12-18T21:49:41.649+0000] {dag.py:2941} INFO - Sync 1 DAGs
[2023-12-18T21:49:41.767+0000] {logging_mixin.py:154} INFO - [2023-12-18T21:49:41.767+0000] {dag.py:3722} INFO - Setting next_dagrun for ETL_toll_data to 2023-12-18T00:00:00+00:00, run_after=2023-12-19T00:00:00+00:00
[2023-12-18T21:49:42.052+0000] {processor.py:179} INFO - Processing /opt/airflow/dags/ETL_toll_data.py took 1.738 seconds
[2023-12-18T21:50:12.860+0000] {processor.py:157} INFO - Started process (PID=46) to work on /opt/airflow/dags/ETL_toll_data.py
[2023-12-18T21:50:12.890+0000] {processor.py:829} INFO - Processing file /opt/airflow/dags/ETL_toll_data.py for tasks to queue
[2023-12-18T21:50:12.958+0000] {logging_mixin.py:154} INFO - [2023-12-18T21:50:12.908+0000] {dagbag.py:536} INFO - Filling up the DagBag from /opt/airflow/dags/ETL_toll_data.py
[2023-12-18T21:50:13.295+0000] {processor.py:839} INFO - DAG(s) dict_keys(['ETL_toll_data']) retrieved from /opt/airflow/dags/ETL_toll_data.py
[2023-12-18T21:50:13.752+0000] {logging_mixin.py:154} INFO - [2023-12-18T21:50:13.751+0000] {dag.py:2941} INFO - Sync 1 DAGs
[2023-12-18T21:50:14.765+0000] {logging_mixin.py:154} INFO - [2023-12-18T21:50:14.765+0000] {dag.py:3722} INFO - Setting next_dagrun for ETL_toll_data to 2023-12-18T00:00:00+00:00, run_after=2023-12-19T00:00:00+00:00
[2023-12-18T21:50:15.113+0000] {processor.py:179} INFO - Processing /opt/airflow/dags/ETL_toll_data.py took 2.313 seconds
[2023-12-18T21:50:45.689+0000] {processor.py:157} INFO - Started process (PID=54) to work on /opt/airflow/dags/ETL_toll_data.py
[2023-12-18T21:50:45.697+0000] {processor.py:829} INFO - Processing file /opt/airflow/dags/ETL_toll_data.py for tasks to queue
[2023-12-18T21:50:45.705+0000] {logging_mixin.py:154} INFO - [2023-12-18T21:50:45.703+0000] {dagbag.py:536} INFO - Filling up the DagBag from /opt/airflow/dags/ETL_toll_data.py
[2023-12-18T21:50:45.808+0000] {processor.py:839} INFO - DAG(s) dict_keys(['ETL_toll_data']) retrieved from /opt/airflow/dags/ETL_toll_data.py
[2023-12-18T21:50:45.948+0000] {logging_mixin.py:154} INFO - [2023-12-18T21:50:45.948+0000] {dag.py:2941} INFO - Sync 1 DAGs
[2023-12-18T21:50:46.051+0000] {logging_mixin.py:154} INFO - [2023-12-18T21:50:46.051+0000] {dag.py:3722} INFO - Setting next_dagrun for ETL_toll_data to 2023-12-18T00:00:00+00:00, run_after=2023-12-19T00:00:00+00:00
[2023-12-18T21:50:46.090+0000] {processor.py:179} INFO - Processing /opt/airflow/dags/ETL_toll_data.py took 0.409 seconds
[2023-12-18T21:51:16.343+0000] {processor.py:157} INFO - Started process (PID=61) to work on /opt/airflow/dags/ETL_toll_data.py
[2023-12-18T21:51:16.355+0000] {processor.py:829} INFO - Processing file /opt/airflow/dags/ETL_toll_data.py for tasks to queue
[2023-12-18T21:51:16.368+0000] {logging_mixin.py:154} INFO - [2023-12-18T21:51:16.368+0000] {dagbag.py:536} INFO - Filling up the DagBag from /opt/airflow/dags/ETL_toll_data.py
[2023-12-18T21:51:16.542+0000] {processor.py:839} INFO - DAG(s) dict_keys(['ETL_toll_data']) retrieved from /opt/airflow/dags/ETL_toll_data.py
[2023-12-18T21:51:16.622+0000] {logging_mixin.py:154} INFO - [2023-12-18T21:51:16.622+0000] {dag.py:2941} INFO - Sync 1 DAGs
[2023-12-18T21:51:16.708+0000] {logging_mixin.py:154} INFO - [2023-12-18T21:51:16.707+0000] {dag.py:3722} INFO - Setting next_dagrun for ETL_toll_data to 2023-12-18T00:00:00+00:00, run_after=2023-12-19T00:00:00+00:00
[2023-12-18T21:51:16.746+0000] {processor.py:179} INFO - Processing /opt/airflow/dags/ETL_toll_data.py took 0.413 seconds
[2023-12-18T21:51:47.031+0000] {processor.py:157} INFO - Started process (PID=70) to work on /opt/airflow/dags/ETL_toll_data.py
[2023-12-18T21:51:47.034+0000] {processor.py:829} INFO - Processing file /opt/airflow/dags/ETL_toll_data.py for tasks to queue
[2023-12-18T21:51:47.039+0000] {logging_mixin.py:154} INFO - [2023-12-18T21:51:47.038+0000] {dagbag.py:536} INFO - Filling up the DagBag from /opt/airflow/dags/ETL_toll_data.py
[2023-12-18T21:51:47.061+0000] {processor.py:839} INFO - DAG(s) dict_keys(['ETL_toll_data']) retrieved from /opt/airflow/dags/ETL_toll_data.py
[2023-12-18T21:51:47.118+0000] {logging_mixin.py:154} INFO - [2023-12-18T21:51:47.118+0000] {dag.py:2941} INFO - Sync 1 DAGs
[2023-12-18T21:51:47.160+0000] {logging_mixin.py:154} INFO - [2023-12-18T21:51:47.160+0000] {dag.py:3722} INFO - Setting next_dagrun for ETL_toll_data to 2023-12-18T00:00:00+00:00, run_after=2023-12-19T00:00:00+00:00
[2023-12-18T21:51:47.195+0000] {processor.py:179} INFO - Processing /opt/airflow/dags/ETL_toll_data.py took 0.174 seconds
[2023-12-18T21:52:17.320+0000] {processor.py:157} INFO - Started process (PID=78) to work on /opt/airflow/dags/ETL_toll_data.py
[2023-12-18T21:52:17.322+0000] {processor.py:829} INFO - Processing file /opt/airflow/dags/ETL_toll_data.py for tasks to queue
[2023-12-18T21:52:17.325+0000] {logging_mixin.py:154} INFO - [2023-12-18T21:52:17.324+0000] {dagbag.py:536} INFO - Filling up the DagBag from /opt/airflow/dags/ETL_toll_data.py
[2023-12-18T21:52:17.339+0000] {processor.py:839} INFO - DAG(s) dict_keys(['ETL_toll_data']) retrieved from /opt/airflow/dags/ETL_toll_data.py
[2023-12-18T21:52:17.380+0000] {logging_mixin.py:154} INFO - [2023-12-18T21:52:17.380+0000] {dag.py:2941} INFO - Sync 1 DAGs
[2023-12-18T21:52:17.410+0000] {logging_mixin.py:154} INFO - [2023-12-18T21:52:17.410+0000] {dag.py:3722} INFO - Setting next_dagrun for ETL_toll_data to 2023-12-18T00:00:00+00:00, run_after=2023-12-19T00:00:00+00:00
[2023-12-18T21:52:17.436+0000] {processor.py:179} INFO - Processing /opt/airflow/dags/ETL_toll_data.py took 0.120 seconds
[2023-12-18T21:52:47.945+0000] {processor.py:157} INFO - Started process (PID=85) to work on /opt/airflow/dags/ETL_toll_data.py
[2023-12-18T21:52:47.947+0000] {processor.py:829} INFO - Processing file /opt/airflow/dags/ETL_toll_data.py for tasks to queue
[2023-12-18T21:52:47.949+0000] {logging_mixin.py:154} INFO - [2023-12-18T21:52:47.949+0000] {dagbag.py:536} INFO - Filling up the DagBag from /opt/airflow/dags/ETL_toll_data.py
[2023-12-18T21:52:47.990+0000] {processor.py:839} INFO - DAG(s) dict_keys(['ETL_toll_data']) retrieved from /opt/airflow/dags/ETL_toll_data.py
[2023-12-18T21:52:48.033+0000] {logging_mixin.py:154} INFO - [2023-12-18T21:52:48.032+0000] {dag.py:2941} INFO - Sync 1 DAGs
[2023-12-18T21:52:48.082+0000] {logging_mixin.py:154} INFO - [2023-12-18T21:52:48.082+0000] {dag.py:3722} INFO - Setting next_dagrun for ETL_toll_data to 2023-12-18T00:00:00+00:00, run_after=2023-12-19T00:00:00+00:00
[2023-12-18T21:52:48.109+0000] {processor.py:179} INFO - Processing /opt/airflow/dags/ETL_toll_data.py took 0.168 seconds
[2023-12-18T21:53:18.206+0000] {processor.py:157} INFO - Started process (PID=94) to work on /opt/airflow/dags/ETL_toll_data.py
[2023-12-18T21:53:18.209+0000] {processor.py:829} INFO - Processing file /opt/airflow/dags/ETL_toll_data.py for tasks to queue
[2023-12-18T21:53:18.214+0000] {logging_mixin.py:154} INFO - [2023-12-18T21:53:18.214+0000] {dagbag.py:536} INFO - Filling up the DagBag from /opt/airflow/dags/ETL_toll_data.py
[2023-12-18T21:53:18.259+0000] {processor.py:839} INFO - DAG(s) dict_keys(['ETL_toll_data']) retrieved from /opt/airflow/dags/ETL_toll_data.py
[2023-12-18T21:53:18.326+0000] {logging_mixin.py:154} INFO - [2023-12-18T21:53:18.325+0000] {dag.py:2941} INFO - Sync 1 DAGs
[2023-12-18T21:53:18.379+0000] {logging_mixin.py:154} INFO - [2023-12-18T21:53:18.378+0000] {dag.py:3722} INFO - Setting next_dagrun for ETL_toll_data to 2023-12-18T00:00:00+00:00, run_after=2023-12-19T00:00:00+00:00
[2023-12-18T21:53:18.407+0000] {processor.py:179} INFO - Processing /opt/airflow/dags/ETL_toll_data.py took 0.211 seconds
[2023-12-18T21:53:48.669+0000] {processor.py:157} INFO - Started process (PID=102) to work on /opt/airflow/dags/ETL_toll_data.py
[2023-12-18T21:53:48.673+0000] {processor.py:829} INFO - Processing file /opt/airflow/dags/ETL_toll_data.py for tasks to queue
[2023-12-18T21:53:48.679+0000] {logging_mixin.py:154} INFO - [2023-12-18T21:53:48.679+0000] {dagbag.py:536} INFO - Filling up the DagBag from /opt/airflow/dags/ETL_toll_data.py
[2023-12-18T21:53:48.743+0000] {processor.py:839} INFO - DAG(s) dict_keys(['ETL_toll_data']) retrieved from /opt/airflow/dags/ETL_toll_data.py
[2023-12-18T21:53:48.804+0000] {logging_mixin.py:154} INFO - [2023-12-18T21:53:48.804+0000] {dag.py:2941} INFO - Sync 1 DAGs
[2023-12-18T21:53:48.834+0000] {logging_mixin.py:154} INFO - [2023-12-18T21:53:48.834+0000] {dag.py:3722} INFO - Setting next_dagrun for ETL_toll_data to 2023-12-18T00:00:00+00:00, run_after=2023-12-19T00:00:00+00:00
[2023-12-18T21:53:48.860+0000] {processor.py:179} INFO - Processing /opt/airflow/dags/ETL_toll_data.py took 0.196 seconds
[2023-12-18T21:54:19.310+0000] {processor.py:157} INFO - Started process (PID=110) to work on /opt/airflow/dags/ETL_toll_data.py
[2023-12-18T21:54:19.311+0000] {processor.py:829} INFO - Processing file /opt/airflow/dags/ETL_toll_data.py for tasks to queue
[2023-12-18T21:54:19.314+0000] {logging_mixin.py:154} INFO - [2023-12-18T21:54:19.314+0000] {dagbag.py:536} INFO - Filling up the DagBag from /opt/airflow/dags/ETL_toll_data.py
[2023-12-18T21:54:19.330+0000] {processor.py:839} INFO - DAG(s) dict_keys(['ETL_toll_data']) retrieved from /opt/airflow/dags/ETL_toll_data.py
[2023-12-18T21:54:19.372+0000] {logging_mixin.py:154} INFO - [2023-12-18T21:54:19.372+0000] {dag.py:2941} INFO - Sync 1 DAGs
[2023-12-18T21:54:19.402+0000] {logging_mixin.py:154} INFO - [2023-12-18T21:54:19.402+0000] {dag.py:3722} INFO - Setting next_dagrun for ETL_toll_data to 2023-12-18T00:00:00+00:00, run_after=2023-12-19T00:00:00+00:00
[2023-12-18T21:54:19.430+0000] {processor.py:179} INFO - Processing /opt/airflow/dags/ETL_toll_data.py took 0.125 seconds
[2023-12-18T21:54:49.590+0000] {processor.py:157} INFO - Started process (PID=118) to work on /opt/airflow/dags/ETL_toll_data.py
[2023-12-18T21:54:49.636+0000] {processor.py:829} INFO - Processing file /opt/airflow/dags/ETL_toll_data.py for tasks to queue
[2023-12-18T21:54:49.638+0000] {logging_mixin.py:154} INFO - [2023-12-18T21:54:49.638+0000] {dagbag.py:536} INFO - Filling up the DagBag from /opt/airflow/dags/ETL_toll_data.py
[2023-12-18T21:54:49.657+0000] {processor.py:839} INFO - DAG(s) dict_keys(['ETL_toll_data']) retrieved from /opt/airflow/dags/ETL_toll_data.py
[2023-12-18T21:54:49.705+0000] {logging_mixin.py:154} INFO - [2023-12-18T21:54:49.704+0000] {dag.py:2941} INFO - Sync 1 DAGs
[2023-12-18T21:54:49.733+0000] {logging_mixin.py:154} INFO - [2023-12-18T21:54:49.733+0000] {dag.py:3722} INFO - Setting next_dagrun for ETL_toll_data to 2023-12-18T00:00:00+00:00, run_after=2023-12-19T00:00:00+00:00
[2023-12-18T21:54:49.757+0000] {processor.py:179} INFO - Processing /opt/airflow/dags/ETL_toll_data.py took 0.173 seconds
[2023-12-18T21:55:20.299+0000] {processor.py:157} INFO - Started process (PID=125) to work on /opt/airflow/dags/ETL_toll_data.py
[2023-12-18T21:55:20.301+0000] {processor.py:829} INFO - Processing file /opt/airflow/dags/ETL_toll_data.py for tasks to queue
[2023-12-18T21:55:20.303+0000] {logging_mixin.py:154} INFO - [2023-12-18T21:55:20.303+0000] {dagbag.py:536} INFO - Filling up the DagBag from /opt/airflow/dags/ETL_toll_data.py
[2023-12-18T21:55:20.319+0000] {processor.py:839} INFO - DAG(s) dict_keys(['ETL_toll_data']) retrieved from /opt/airflow/dags/ETL_toll_data.py
[2023-12-18T21:55:20.357+0000] {logging_mixin.py:154} INFO - [2023-12-18T21:55:20.357+0000] {dag.py:2941} INFO - Sync 1 DAGs
[2023-12-18T21:55:20.388+0000] {logging_mixin.py:154} INFO - [2023-12-18T21:55:20.387+0000] {dag.py:3722} INFO - Setting next_dagrun for ETL_toll_data to 2023-12-18T00:00:00+00:00, run_after=2023-12-19T00:00:00+00:00
[2023-12-18T21:55:20.414+0000] {processor.py:179} INFO - Processing /opt/airflow/dags/ETL_toll_data.py took 0.120 seconds
[2023-12-18T21:55:50.774+0000] {processor.py:157} INFO - Started process (PID=133) to work on /opt/airflow/dags/ETL_toll_data.py
[2023-12-18T21:55:50.776+0000] {processor.py:829} INFO - Processing file /opt/airflow/dags/ETL_toll_data.py for tasks to queue
[2023-12-18T21:55:50.779+0000] {logging_mixin.py:154} INFO - [2023-12-18T21:55:50.779+0000] {dagbag.py:536} INFO - Filling up the DagBag from /opt/airflow/dags/ETL_toll_data.py
[2023-12-18T21:55:50.797+0000] {processor.py:839} INFO - DAG(s) dict_keys(['ETL_toll_data']) retrieved from /opt/airflow/dags/ETL_toll_data.py
[2023-12-18T21:55:50.943+0000] {logging_mixin.py:154} INFO - [2023-12-18T21:55:50.942+0000] {dag.py:2941} INFO - Sync 1 DAGs
[2023-12-18T21:55:50.997+0000] {logging_mixin.py:154} INFO - [2023-12-18T21:55:50.996+0000] {dag.py:3722} INFO - Setting next_dagrun for ETL_toll_data to 2023-12-18T00:00:00+00:00, run_after=2023-12-19T00:00:00+00:00
[2023-12-18T21:55:51.043+0000] {processor.py:179} INFO - Processing /opt/airflow/dags/ETL_toll_data.py took 0.273 seconds
[2023-12-18T21:56:21.290+0000] {processor.py:157} INFO - Started process (PID=142) to work on /opt/airflow/dags/ETL_toll_data.py
[2023-12-18T21:56:21.291+0000] {processor.py:829} INFO - Processing file /opt/airflow/dags/ETL_toll_data.py for tasks to queue
[2023-12-18T21:56:21.293+0000] {logging_mixin.py:154} INFO - [2023-12-18T21:56:21.293+0000] {dagbag.py:536} INFO - Filling up the DagBag from /opt/airflow/dags/ETL_toll_data.py
[2023-12-18T21:56:21.310+0000] {processor.py:839} INFO - DAG(s) dict_keys(['ETL_toll_data']) retrieved from /opt/airflow/dags/ETL_toll_data.py
[2023-12-18T21:56:21.359+0000] {logging_mixin.py:154} INFO - [2023-12-18T21:56:21.359+0000] {dag.py:2941} INFO - Sync 1 DAGs
[2023-12-18T21:56:21.392+0000] {logging_mixin.py:154} INFO - [2023-12-18T21:56:21.392+0000] {dag.py:3722} INFO - Setting next_dagrun for ETL_toll_data to 2023-12-18T00:00:00+00:00, run_after=2023-12-19T00:00:00+00:00
[2023-12-18T21:56:21.430+0000] {processor.py:179} INFO - Processing /opt/airflow/dags/ETL_toll_data.py took 0.145 seconds
[2023-12-18T21:56:51.866+0000] {processor.py:157} INFO - Started process (PID=150) to work on /opt/airflow/dags/ETL_toll_data.py
[2023-12-18T21:56:51.870+0000] {processor.py:829} INFO - Processing file /opt/airflow/dags/ETL_toll_data.py for tasks to queue
[2023-12-18T21:56:51.873+0000] {logging_mixin.py:154} INFO - [2023-12-18T21:56:51.873+0000] {dagbag.py:536} INFO - Filling up the DagBag from /opt/airflow/dags/ETL_toll_data.py
[2023-12-18T21:56:51.889+0000] {processor.py:839} INFO - DAG(s) dict_keys(['ETL_toll_data']) retrieved from /opt/airflow/dags/ETL_toll_data.py
[2023-12-18T21:56:51.931+0000] {logging_mixin.py:154} INFO - [2023-12-18T21:56:51.931+0000] {dag.py:2941} INFO - Sync 1 DAGs
[2023-12-18T21:56:51.961+0000] {logging_mixin.py:154} INFO - [2023-12-18T21:56:51.961+0000] {dag.py:3722} INFO - Setting next_dagrun for ETL_toll_data to 2023-12-18T00:00:00+00:00, run_after=2023-12-19T00:00:00+00:00
[2023-12-18T21:56:51.989+0000] {processor.py:179} INFO - Processing /opt/airflow/dags/ETL_toll_data.py took 0.130 seconds
[2023-12-18T21:57:22.147+0000] {processor.py:157} INFO - Started process (PID=158) to work on /opt/airflow/dags/ETL_toll_data.py
[2023-12-18T21:57:22.148+0000] {processor.py:829} INFO - Processing file /opt/airflow/dags/ETL_toll_data.py for tasks to queue
[2023-12-18T21:57:22.150+0000] {logging_mixin.py:154} INFO - [2023-12-18T21:57:22.150+0000] {dagbag.py:536} INFO - Filling up the DagBag from /opt/airflow/dags/ETL_toll_data.py
[2023-12-18T21:57:22.165+0000] {processor.py:839} INFO - DAG(s) dict_keys(['ETL_toll_data']) retrieved from /opt/airflow/dags/ETL_toll_data.py
[2023-12-18T21:57:22.209+0000] {logging_mixin.py:154} INFO - [2023-12-18T21:57:22.209+0000] {dag.py:2941} INFO - Sync 1 DAGs
[2023-12-18T21:57:22.236+0000] {logging_mixin.py:154} INFO - [2023-12-18T21:57:22.236+0000] {dag.py:3722} INFO - Setting next_dagrun for ETL_toll_data to 2023-12-18T00:00:00+00:00, run_after=2023-12-19T00:00:00+00:00
[2023-12-18T21:57:22.267+0000] {processor.py:179} INFO - Processing /opt/airflow/dags/ETL_toll_data.py took 0.124 seconds
[2023-12-18T21:57:52.429+0000] {processor.py:157} INFO - Started process (PID=166) to work on /opt/airflow/dags/ETL_toll_data.py
[2023-12-18T21:57:52.430+0000] {processor.py:829} INFO - Processing file /opt/airflow/dags/ETL_toll_data.py for tasks to queue
[2023-12-18T21:57:52.433+0000] {logging_mixin.py:154} INFO - [2023-12-18T21:57:52.433+0000] {dagbag.py:536} INFO - Filling up the DagBag from /opt/airflow/dags/ETL_toll_data.py
[2023-12-18T21:57:52.448+0000] {processor.py:839} INFO - DAG(s) dict_keys(['ETL_toll_data']) retrieved from /opt/airflow/dags/ETL_toll_data.py
[2023-12-18T21:57:52.486+0000] {logging_mixin.py:154} INFO - [2023-12-18T21:57:52.486+0000] {dag.py:2941} INFO - Sync 1 DAGs
[2023-12-18T21:57:52.515+0000] {logging_mixin.py:154} INFO - [2023-12-18T21:57:52.514+0000] {dag.py:3722} INFO - Setting next_dagrun for ETL_toll_data to 2023-12-18T00:00:00+00:00, run_after=2023-12-19T00:00:00+00:00
[2023-12-18T21:57:52.541+0000] {processor.py:179} INFO - Processing /opt/airflow/dags/ETL_toll_data.py took 0.116 seconds
[2023-12-18T21:58:22.957+0000] {processor.py:157} INFO - Started process (PID=175) to work on /opt/airflow/dags/ETL_toll_data.py
[2023-12-18T21:58:22.958+0000] {processor.py:829} INFO - Processing file /opt/airflow/dags/ETL_toll_data.py for tasks to queue
[2023-12-18T21:58:22.960+0000] {logging_mixin.py:154} INFO - [2023-12-18T21:58:22.960+0000] {dagbag.py:536} INFO - Filling up the DagBag from /opt/airflow/dags/ETL_toll_data.py
[2023-12-18T21:58:22.976+0000] {processor.py:839} INFO - DAG(s) dict_keys(['ETL_toll_data']) retrieved from /opt/airflow/dags/ETL_toll_data.py
[2023-12-18T21:58:23.014+0000] {logging_mixin.py:154} INFO - [2023-12-18T21:58:23.014+0000] {dag.py:2941} INFO - Sync 1 DAGs
[2023-12-18T21:58:23.042+0000] {logging_mixin.py:154} INFO - [2023-12-18T21:58:23.042+0000] {dag.py:3722} INFO - Setting next_dagrun for ETL_toll_data to 2023-12-18T00:00:00+00:00, run_after=2023-12-19T00:00:00+00:00
[2023-12-18T21:58:23.071+0000] {processor.py:179} INFO - Processing /opt/airflow/dags/ETL_toll_data.py took 0.119 seconds
[2023-12-18T21:58:53.170+0000] {processor.py:157} INFO - Started process (PID=183) to work on /opt/airflow/dags/ETL_toll_data.py
[2023-12-18T21:58:53.172+0000] {processor.py:829} INFO - Processing file /opt/airflow/dags/ETL_toll_data.py for tasks to queue
[2023-12-18T21:58:53.175+0000] {logging_mixin.py:154} INFO - [2023-12-18T21:58:53.175+0000] {dagbag.py:536} INFO - Filling up the DagBag from /opt/airflow/dags/ETL_toll_data.py
[2023-12-18T21:58:53.194+0000] {processor.py:839} INFO - DAG(s) dict_keys(['ETL_toll_data']) retrieved from /opt/airflow/dags/ETL_toll_data.py
[2023-12-18T21:58:53.238+0000] {logging_mixin.py:154} INFO - [2023-12-18T21:58:53.238+0000] {dag.py:2941} INFO - Sync 1 DAGs
[2023-12-18T21:58:53.268+0000] {logging_mixin.py:154} INFO - [2023-12-18T21:58:53.268+0000] {dag.py:3722} INFO - Setting next_dagrun for ETL_toll_data to 2023-12-18T00:00:00+00:00, run_after=2023-12-19T00:00:00+00:00
[2023-12-18T21:58:53.296+0000] {processor.py:179} INFO - Processing /opt/airflow/dags/ETL_toll_data.py took 0.132 seconds
[2023-12-18T21:59:23.425+0000] {processor.py:157} INFO - Started process (PID=192) to work on /opt/airflow/dags/ETL_toll_data.py
[2023-12-18T21:59:23.426+0000] {processor.py:829} INFO - Processing file /opt/airflow/dags/ETL_toll_data.py for tasks to queue
[2023-12-18T21:59:23.429+0000] {logging_mixin.py:154} INFO - [2023-12-18T21:59:23.429+0000] {dagbag.py:536} INFO - Filling up the DagBag from /opt/airflow/dags/ETL_toll_data.py
[2023-12-18T21:59:23.443+0000] {processor.py:839} INFO - DAG(s) dict_keys(['ETL_toll_data']) retrieved from /opt/airflow/dags/ETL_toll_data.py
[2023-12-18T21:59:23.483+0000] {logging_mixin.py:154} INFO - [2023-12-18T21:59:23.483+0000] {dag.py:2941} INFO - Sync 1 DAGs
[2023-12-18T21:59:23.510+0000] {logging_mixin.py:154} INFO - [2023-12-18T21:59:23.510+0000] {dag.py:3722} INFO - Setting next_dagrun for ETL_toll_data to 2023-12-18T00:00:00+00:00, run_after=2023-12-19T00:00:00+00:00
[2023-12-18T21:59:23.536+0000] {processor.py:179} INFO - Processing /opt/airflow/dags/ETL_toll_data.py took 0.115 seconds
[2023-12-18T21:59:53.690+0000] {processor.py:157} INFO - Started process (PID=201) to work on /opt/airflow/dags/ETL_toll_data.py
[2023-12-18T21:59:53.693+0000] {processor.py:829} INFO - Processing file /opt/airflow/dags/ETL_toll_data.py for tasks to queue
[2023-12-18T21:59:53.696+0000] {logging_mixin.py:154} INFO - [2023-12-18T21:59:53.695+0000] {dagbag.py:536} INFO - Filling up the DagBag from /opt/airflow/dags/ETL_toll_data.py
[2023-12-18T21:59:53.714+0000] {processor.py:839} INFO - DAG(s) dict_keys(['ETL_toll_data']) retrieved from /opt/airflow/dags/ETL_toll_data.py
[2023-12-18T21:59:53.761+0000] {logging_mixin.py:154} INFO - [2023-12-18T21:59:53.761+0000] {dag.py:2941} INFO - Sync 1 DAGs
[2023-12-18T21:59:53.797+0000] {logging_mixin.py:154} INFO - [2023-12-18T21:59:53.797+0000] {dag.py:3722} INFO - Setting next_dagrun for ETL_toll_data to 2023-12-18T00:00:00+00:00, run_after=2023-12-19T00:00:00+00:00
[2023-12-18T21:59:53.826+0000] {processor.py:179} INFO - Processing /opt/airflow/dags/ETL_toll_data.py took 0.140 seconds
[2023-12-18T22:00:23.910+0000] {processor.py:157} INFO - Started process (PID=209) to work on /opt/airflow/dags/ETL_toll_data.py
[2023-12-18T22:00:23.911+0000] {processor.py:829} INFO - Processing file /opt/airflow/dags/ETL_toll_data.py for tasks to queue
[2023-12-18T22:00:23.914+0000] {logging_mixin.py:154} INFO - [2023-12-18T22:00:23.914+0000] {dagbag.py:536} INFO - Filling up the DagBag from /opt/airflow/dags/ETL_toll_data.py
[2023-12-18T22:00:23.932+0000] {processor.py:839} INFO - DAG(s) dict_keys(['ETL_toll_data']) retrieved from /opt/airflow/dags/ETL_toll_data.py
[2023-12-18T22:00:23.978+0000] {logging_mixin.py:154} INFO - [2023-12-18T22:00:23.978+0000] {dag.py:2941} INFO - Sync 1 DAGs
[2023-12-18T22:00:24.006+0000] {logging_mixin.py:154} INFO - [2023-12-18T22:00:24.006+0000] {dag.py:3722} INFO - Setting next_dagrun for ETL_toll_data to 2023-12-18T00:00:00+00:00, run_after=2023-12-19T00:00:00+00:00
[2023-12-18T22:00:24.036+0000] {processor.py:179} INFO - Processing /opt/airflow/dags/ETL_toll_data.py took 0.131 seconds
[2023-12-18T22:00:54.943+0000] {processor.py:157} INFO - Started process (PID=216) to work on /opt/airflow/dags/ETL_toll_data.py
[2023-12-18T22:00:54.964+0000] {processor.py:829} INFO - Processing file /opt/airflow/dags/ETL_toll_data.py for tasks to queue
[2023-12-18T22:00:54.967+0000] {logging_mixin.py:154} INFO - [2023-12-18T22:00:54.966+0000] {dagbag.py:536} INFO - Filling up the DagBag from /opt/airflow/dags/ETL_toll_data.py
[2023-12-18T22:00:54.982+0000] {processor.py:839} INFO - DAG(s) dict_keys(['ETL_toll_data']) retrieved from /opt/airflow/dags/ETL_toll_data.py
[2023-12-18T22:00:55.018+0000] {logging_mixin.py:154} INFO - [2023-12-18T22:00:55.018+0000] {dag.py:2941} INFO - Sync 1 DAGs
[2023-12-18T22:00:55.045+0000] {logging_mixin.py:154} INFO - [2023-12-18T22:00:55.045+0000] {dag.py:3722} INFO - Setting next_dagrun for ETL_toll_data to 2023-12-18T00:00:00+00:00, run_after=2023-12-19T00:00:00+00:00
[2023-12-18T22:00:55.070+0000] {processor.py:179} INFO - Processing /opt/airflow/dags/ETL_toll_data.py took 0.131 seconds
[2023-12-18T22:01:25.253+0000] {processor.py:157} INFO - Started process (PID=223) to work on /opt/airflow/dags/ETL_toll_data.py
[2023-12-18T22:01:25.254+0000] {processor.py:829} INFO - Processing file /opt/airflow/dags/ETL_toll_data.py for tasks to queue
[2023-12-18T22:01:25.258+0000] {logging_mixin.py:154} INFO - [2023-12-18T22:01:25.258+0000] {dagbag.py:536} INFO - Filling up the DagBag from /opt/airflow/dags/ETL_toll_data.py
[2023-12-18T22:01:25.281+0000] {processor.py:839} INFO - DAG(s) dict_keys(['ETL_toll_data']) retrieved from /opt/airflow/dags/ETL_toll_data.py
[2023-12-18T22:01:25.336+0000] {logging_mixin.py:154} INFO - [2023-12-18T22:01:25.336+0000] {dag.py:2941} INFO - Sync 1 DAGs
[2023-12-18T22:01:25.375+0000] {logging_mixin.py:154} INFO - [2023-12-18T22:01:25.375+0000] {dag.py:3722} INFO - Setting next_dagrun for ETL_toll_data to 2023-12-18T00:00:00+00:00, run_after=2023-12-19T00:00:00+00:00
[2023-12-18T22:01:25.419+0000] {processor.py:179} INFO - Processing /opt/airflow/dags/ETL_toll_data.py took 0.172 seconds
[2023-12-18T22:01:55.849+0000] {processor.py:157} INFO - Started process (PID=232) to work on /opt/airflow/dags/ETL_toll_data.py
[2023-12-18T22:01:55.852+0000] {processor.py:829} INFO - Processing file /opt/airflow/dags/ETL_toll_data.py for tasks to queue
[2023-12-18T22:01:55.855+0000] {logging_mixin.py:154} INFO - [2023-12-18T22:01:55.855+0000] {dagbag.py:536} INFO - Filling up the DagBag from /opt/airflow/dags/ETL_toll_data.py
[2023-12-18T22:01:55.875+0000] {processor.py:839} INFO - DAG(s) dict_keys(['ETL_toll_data']) retrieved from /opt/airflow/dags/ETL_toll_data.py
[2023-12-18T22:01:55.954+0000] {logging_mixin.py:154} INFO - [2023-12-18T22:01:55.954+0000] {dag.py:2941} INFO - Sync 1 DAGs
[2023-12-18T22:01:55.998+0000] {logging_mixin.py:154} INFO - [2023-12-18T22:01:55.998+0000] {dag.py:3722} INFO - Setting next_dagrun for ETL_toll_data to 2023-12-18T00:00:00+00:00, run_after=2023-12-19T00:00:00+00:00
[2023-12-18T22:01:56.050+0000] {processor.py:179} INFO - Processing /opt/airflow/dags/ETL_toll_data.py took 0.206 seconds
[2023-12-18T22:02:26.546+0000] {processor.py:157} INFO - Started process (PID=239) to work on /opt/airflow/dags/ETL_toll_data.py
[2023-12-18T22:02:26.549+0000] {processor.py:829} INFO - Processing file /opt/airflow/dags/ETL_toll_data.py for tasks to queue
[2023-12-18T22:02:26.553+0000] {logging_mixin.py:154} INFO - [2023-12-18T22:02:26.552+0000] {dagbag.py:536} INFO - Filling up the DagBag from /opt/airflow/dags/ETL_toll_data.py
[2023-12-18T22:02:26.572+0000] {processor.py:839} INFO - DAG(s) dict_keys(['ETL_toll_data']) retrieved from /opt/airflow/dags/ETL_toll_data.py
[2023-12-18T22:02:26.615+0000] {logging_mixin.py:154} INFO - [2023-12-18T22:02:26.615+0000] {dag.py:2941} INFO - Sync 1 DAGs
[2023-12-18T22:02:26.650+0000] {logging_mixin.py:154} INFO - [2023-12-18T22:02:26.650+0000] {dag.py:3722} INFO - Setting next_dagrun for ETL_toll_data to 2023-12-18T00:00:00+00:00, run_after=2023-12-19T00:00:00+00:00
[2023-12-18T22:02:26.731+0000] {processor.py:179} INFO - Processing /opt/airflow/dags/ETL_toll_data.py took 0.192 seconds
[2023-12-18T22:02:57.003+0000] {processor.py:157} INFO - Started process (PID=248) to work on /opt/airflow/dags/ETL_toll_data.py
[2023-12-18T22:02:57.004+0000] {processor.py:829} INFO - Processing file /opt/airflow/dags/ETL_toll_data.py for tasks to queue
[2023-12-18T22:02:57.007+0000] {logging_mixin.py:154} INFO - [2023-12-18T22:02:57.007+0000] {dagbag.py:536} INFO - Filling up the DagBag from /opt/airflow/dags/ETL_toll_data.py
[2023-12-18T22:02:57.029+0000] {processor.py:839} INFO - DAG(s) dict_keys(['ETL_toll_data']) retrieved from /opt/airflow/dags/ETL_toll_data.py
[2023-12-18T22:02:57.073+0000] {logging_mixin.py:154} INFO - [2023-12-18T22:02:57.073+0000] {dag.py:2941} INFO - Sync 1 DAGs
[2023-12-18T22:02:57.109+0000] {logging_mixin.py:154} INFO - [2023-12-18T22:02:57.109+0000] {dag.py:3722} INFO - Setting next_dagrun for ETL_toll_data to 2023-12-18T00:00:00+00:00, run_after=2023-12-19T00:00:00+00:00
[2023-12-18T22:02:57.146+0000] {processor.py:179} INFO - Processing /opt/airflow/dags/ETL_toll_data.py took 0.148 seconds
[2023-12-18T22:03:28.034+0000] {processor.py:157} INFO - Started process (PID=257) to work on /opt/airflow/dags/ETL_toll_data.py
[2023-12-18T22:03:28.036+0000] {processor.py:829} INFO - Processing file /opt/airflow/dags/ETL_toll_data.py for tasks to queue
[2023-12-18T22:03:28.038+0000] {logging_mixin.py:154} INFO - [2023-12-18T22:03:28.038+0000] {dagbag.py:536} INFO - Filling up the DagBag from /opt/airflow/dags/ETL_toll_data.py
[2023-12-18T22:03:28.053+0000] {processor.py:839} INFO - DAG(s) dict_keys(['ETL_toll_data']) retrieved from /opt/airflow/dags/ETL_toll_data.py
[2023-12-18T22:03:28.093+0000] {logging_mixin.py:154} INFO - [2023-12-18T22:03:28.092+0000] {dag.py:2941} INFO - Sync 1 DAGs
[2023-12-18T22:03:28.121+0000] {logging_mixin.py:154} INFO - [2023-12-18T22:03:28.121+0000] {dag.py:3722} INFO - Setting next_dagrun for ETL_toll_data to 2023-12-18T00:00:00+00:00, run_after=2023-12-19T00:00:00+00:00
[2023-12-18T22:03:28.148+0000] {processor.py:179} INFO - Processing /opt/airflow/dags/ETL_toll_data.py took 0.119 seconds
[2023-12-18T22:03:58.267+0000] {processor.py:157} INFO - Started process (PID=266) to work on /opt/airflow/dags/ETL_toll_data.py
[2023-12-18T22:03:58.268+0000] {processor.py:829} INFO - Processing file /opt/airflow/dags/ETL_toll_data.py for tasks to queue
[2023-12-18T22:03:58.270+0000] {logging_mixin.py:154} INFO - [2023-12-18T22:03:58.270+0000] {dagbag.py:536} INFO - Filling up the DagBag from /opt/airflow/dags/ETL_toll_data.py
[2023-12-18T22:03:58.284+0000] {processor.py:839} INFO - DAG(s) dict_keys(['ETL_toll_data']) retrieved from /opt/airflow/dags/ETL_toll_data.py
[2023-12-18T22:03:58.328+0000] {logging_mixin.py:154} INFO - [2023-12-18T22:03:58.328+0000] {dag.py:2941} INFO - Sync 1 DAGs
[2023-12-18T22:03:58.357+0000] {logging_mixin.py:154} INFO - [2023-12-18T22:03:58.357+0000] {dag.py:3722} INFO - Setting next_dagrun for ETL_toll_data to 2023-12-18T00:00:00+00:00, run_after=2023-12-19T00:00:00+00:00
[2023-12-18T22:03:58.383+0000] {processor.py:179} INFO - Processing /opt/airflow/dags/ETL_toll_data.py took 0.119 seconds
[2023-12-18T22:04:28.525+0000] {processor.py:157} INFO - Started process (PID=274) to work on /opt/airflow/dags/ETL_toll_data.py
[2023-12-18T22:04:28.527+0000] {processor.py:829} INFO - Processing file /opt/airflow/dags/ETL_toll_data.py for tasks to queue
[2023-12-18T22:04:28.530+0000] {logging_mixin.py:154} INFO - [2023-12-18T22:04:28.529+0000] {dagbag.py:536} INFO - Filling up the DagBag from /opt/airflow/dags/ETL_toll_data.py
[2023-12-18T22:04:28.545+0000] {processor.py:839} INFO - DAG(s) dict_keys(['ETL_toll_data']) retrieved from /opt/airflow/dags/ETL_toll_data.py
[2023-12-18T22:04:28.581+0000] {logging_mixin.py:154} INFO - [2023-12-18T22:04:28.581+0000] {dag.py:2941} INFO - Sync 1 DAGs
[2023-12-18T22:04:28.607+0000] {logging_mixin.py:154} INFO - [2023-12-18T22:04:28.607+0000] {dag.py:3722} INFO - Setting next_dagrun for ETL_toll_data to 2023-12-18T00:00:00+00:00, run_after=2023-12-19T00:00:00+00:00
[2023-12-18T22:04:28.633+0000] {processor.py:179} INFO - Processing /opt/airflow/dags/ETL_toll_data.py took 0.112 seconds
[2023-12-18T22:04:58.981+0000] {processor.py:157} INFO - Started process (PID=282) to work on /opt/airflow/dags/ETL_toll_data.py
[2023-12-18T22:04:58.982+0000] {processor.py:829} INFO - Processing file /opt/airflow/dags/ETL_toll_data.py for tasks to queue
[2023-12-18T22:04:58.985+0000] {logging_mixin.py:154} INFO - [2023-12-18T22:04:58.984+0000] {dagbag.py:536} INFO - Filling up the DagBag from /opt/airflow/dags/ETL_toll_data.py
[2023-12-18T22:04:59.000+0000] {processor.py:839} INFO - DAG(s) dict_keys(['ETL_toll_data']) retrieved from /opt/airflow/dags/ETL_toll_data.py
[2023-12-18T22:04:59.036+0000] {logging_mixin.py:154} INFO - [2023-12-18T22:04:59.035+0000] {dag.py:2941} INFO - Sync 1 DAGs
[2023-12-18T22:04:59.065+0000] {logging_mixin.py:154} INFO - [2023-12-18T22:04:59.065+0000] {dag.py:3722} INFO - Setting next_dagrun for ETL_toll_data to 2023-12-18T00:00:00+00:00, run_after=2023-12-19T00:00:00+00:00
[2023-12-18T22:04:59.090+0000] {processor.py:179} INFO - Processing /opt/airflow/dags/ETL_toll_data.py took 0.114 seconds
[2023-12-18T22:05:29.237+0000] {processor.py:157} INFO - Started process (PID=290) to work on /opt/airflow/dags/ETL_toll_data.py
[2023-12-18T22:05:29.239+0000] {processor.py:829} INFO - Processing file /opt/airflow/dags/ETL_toll_data.py for tasks to queue
[2023-12-18T22:05:29.242+0000] {logging_mixin.py:154} INFO - [2023-12-18T22:05:29.241+0000] {dagbag.py:536} INFO - Filling up the DagBag from /opt/airflow/dags/ETL_toll_data.py
[2023-12-18T22:05:29.257+0000] {processor.py:839} INFO - DAG(s) dict_keys(['ETL_toll_data']) retrieved from /opt/airflow/dags/ETL_toll_data.py
[2023-12-18T22:05:29.295+0000] {logging_mixin.py:154} INFO - [2023-12-18T22:05:29.295+0000] {dag.py:2941} INFO - Sync 1 DAGs
[2023-12-18T22:05:29.322+0000] {logging_mixin.py:154} INFO - [2023-12-18T22:05:29.322+0000] {dag.py:3722} INFO - Setting next_dagrun for ETL_toll_data to 2023-12-18T00:00:00+00:00, run_after=2023-12-19T00:00:00+00:00
[2023-12-18T22:05:29.353+0000] {processor.py:179} INFO - Processing /opt/airflow/dags/ETL_toll_data.py took 0.120 seconds
[2023-12-18T22:05:59.614+0000] {processor.py:157} INFO - Started process (PID=298) to work on /opt/airflow/dags/ETL_toll_data.py
[2023-12-18T22:05:59.617+0000] {processor.py:829} INFO - Processing file /opt/airflow/dags/ETL_toll_data.py for tasks to queue
[2023-12-18T22:05:59.620+0000] {logging_mixin.py:154} INFO - [2023-12-18T22:05:59.619+0000] {dagbag.py:536} INFO - Filling up the DagBag from /opt/airflow/dags/ETL_toll_data.py
[2023-12-18T22:05:59.633+0000] {processor.py:839} INFO - DAG(s) dict_keys(['ETL_toll_data']) retrieved from /opt/airflow/dags/ETL_toll_data.py
[2023-12-18T22:05:59.672+0000] {logging_mixin.py:154} INFO - [2023-12-18T22:05:59.671+0000] {dag.py:2941} INFO - Sync 1 DAGs
[2023-12-18T22:05:59.701+0000] {logging_mixin.py:154} INFO - [2023-12-18T22:05:59.701+0000] {dag.py:3722} INFO - Setting next_dagrun for ETL_toll_data to 2023-12-18T00:00:00+00:00, run_after=2023-12-19T00:00:00+00:00
[2023-12-18T22:05:59.725+0000] {processor.py:179} INFO - Processing /opt/airflow/dags/ETL_toll_data.py took 0.115 seconds
[2023-12-18T22:06:29.935+0000] {processor.py:157} INFO - Started process (PID=306) to work on /opt/airflow/dags/ETL_toll_data.py
[2023-12-18T22:06:29.937+0000] {processor.py:829} INFO - Processing file /opt/airflow/dags/ETL_toll_data.py for tasks to queue
[2023-12-18T22:06:29.939+0000] {logging_mixin.py:154} INFO - [2023-12-18T22:06:29.939+0000] {dagbag.py:536} INFO - Filling up the DagBag from /opt/airflow/dags/ETL_toll_data.py
[2023-12-18T22:06:29.954+0000] {processor.py:839} INFO - DAG(s) dict_keys(['ETL_toll_data']) retrieved from /opt/airflow/dags/ETL_toll_data.py
[2023-12-18T22:06:29.992+0000] {logging_mixin.py:154} INFO - [2023-12-18T22:06:29.992+0000] {dag.py:2941} INFO - Sync 1 DAGs
[2023-12-18T22:06:30.018+0000] {logging_mixin.py:154} INFO - [2023-12-18T22:06:30.018+0000] {dag.py:3722} INFO - Setting next_dagrun for ETL_toll_data to 2023-12-18T00:00:00+00:00, run_after=2023-12-19T00:00:00+00:00
[2023-12-18T22:06:30.045+0000] {processor.py:179} INFO - Processing /opt/airflow/dags/ETL_toll_data.py took 0.115 seconds
[2023-12-18T22:07:00.265+0000] {processor.py:157} INFO - Started process (PID=314) to work on /opt/airflow/dags/ETL_toll_data.py
[2023-12-18T22:07:00.268+0000] {processor.py:829} INFO - Processing file /opt/airflow/dags/ETL_toll_data.py for tasks to queue
[2023-12-18T22:07:00.273+0000] {logging_mixin.py:154} INFO - [2023-12-18T22:07:00.272+0000] {dagbag.py:536} INFO - Filling up the DagBag from /opt/airflow/dags/ETL_toll_data.py
[2023-12-18T22:07:00.296+0000] {processor.py:839} INFO - DAG(s) dict_keys(['ETL_toll_data']) retrieved from /opt/airflow/dags/ETL_toll_data.py
[2023-12-18T22:07:00.366+0000] {logging_mixin.py:154} INFO - [2023-12-18T22:07:00.366+0000] {dag.py:2941} INFO - Sync 1 DAGs
[2023-12-18T22:07:00.413+0000] {logging_mixin.py:154} INFO - [2023-12-18T22:07:00.413+0000] {dag.py:3722} INFO - Setting next_dagrun for ETL_toll_data to 2023-12-18T00:00:00+00:00, run_after=2023-12-19T00:00:00+00:00
[2023-12-18T22:07:00.459+0000] {processor.py:179} INFO - Processing /opt/airflow/dags/ETL_toll_data.py took 0.201 seconds
[2023-12-18T22:07:30.635+0000] {processor.py:157} INFO - Started process (PID=322) to work on /opt/airflow/dags/ETL_toll_data.py
[2023-12-18T22:07:30.636+0000] {processor.py:829} INFO - Processing file /opt/airflow/dags/ETL_toll_data.py for tasks to queue
[2023-12-18T22:07:30.639+0000] {logging_mixin.py:154} INFO - [2023-12-18T22:07:30.639+0000] {dagbag.py:536} INFO - Filling up the DagBag from /opt/airflow/dags/ETL_toll_data.py
[2023-12-18T22:07:30.654+0000] {processor.py:839} INFO - DAG(s) dict_keys(['ETL_toll_data']) retrieved from /opt/airflow/dags/ETL_toll_data.py
[2023-12-18T22:07:30.692+0000] {logging_mixin.py:154} INFO - [2023-12-18T22:07:30.692+0000] {dag.py:2941} INFO - Sync 1 DAGs
[2023-12-18T22:07:30.722+0000] {logging_mixin.py:154} INFO - [2023-12-18T22:07:30.722+0000] {dag.py:3722} INFO - Setting next_dagrun for ETL_toll_data to 2023-12-18T00:00:00+00:00, run_after=2023-12-19T00:00:00+00:00
[2023-12-18T22:07:30.754+0000] {processor.py:179} INFO - Processing /opt/airflow/dags/ETL_toll_data.py took 0.123 seconds
[2023-12-18T22:08:00.923+0000] {processor.py:157} INFO - Started process (PID=331) to work on /opt/airflow/dags/ETL_toll_data.py
[2023-12-18T22:08:00.924+0000] {processor.py:829} INFO - Processing file /opt/airflow/dags/ETL_toll_data.py for tasks to queue
[2023-12-18T22:08:00.926+0000] {logging_mixin.py:154} INFO - [2023-12-18T22:08:00.926+0000] {dagbag.py:536} INFO - Filling up the DagBag from /opt/airflow/dags/ETL_toll_data.py
[2023-12-18T22:08:00.941+0000] {processor.py:839} INFO - DAG(s) dict_keys(['ETL_toll_data']) retrieved from /opt/airflow/dags/ETL_toll_data.py
[2023-12-18T22:08:00.978+0000] {logging_mixin.py:154} INFO - [2023-12-18T22:08:00.978+0000] {dag.py:2941} INFO - Sync 1 DAGs
[2023-12-18T22:08:01.009+0000] {logging_mixin.py:154} INFO - [2023-12-18T22:08:01.009+0000] {dag.py:3722} INFO - Setting next_dagrun for ETL_toll_data to 2023-12-18T00:00:00+00:00, run_after=2023-12-19T00:00:00+00:00
[2023-12-18T22:08:01.042+0000] {processor.py:179} INFO - Processing /opt/airflow/dags/ETL_toll_data.py took 0.124 seconds
[2023-12-18T22:08:31.253+0000] {processor.py:157} INFO - Started process (PID=339) to work on /opt/airflow/dags/ETL_toll_data.py
[2023-12-18T22:08:31.254+0000] {processor.py:829} INFO - Processing file /opt/airflow/dags/ETL_toll_data.py for tasks to queue
[2023-12-18T22:08:31.257+0000] {logging_mixin.py:154} INFO - [2023-12-18T22:08:31.257+0000] {dagbag.py:536} INFO - Filling up the DagBag from /opt/airflow/dags/ETL_toll_data.py
[2023-12-18T22:08:31.273+0000] {processor.py:839} INFO - DAG(s) dict_keys(['ETL_toll_data']) retrieved from /opt/airflow/dags/ETL_toll_data.py
[2023-12-18T22:08:31.321+0000] {logging_mixin.py:154} INFO - [2023-12-18T22:08:31.321+0000] {dag.py:2941} INFO - Sync 1 DAGs
[2023-12-18T22:08:31.355+0000] {logging_mixin.py:154} INFO - [2023-12-18T22:08:31.355+0000] {dag.py:3722} INFO - Setting next_dagrun for ETL_toll_data to 2023-12-18T00:00:00+00:00, run_after=2023-12-19T00:00:00+00:00
[2023-12-18T22:08:31.390+0000] {processor.py:179} INFO - Processing /opt/airflow/dags/ETL_toll_data.py took 0.141 seconds
[2023-12-18T22:09:01.560+0000] {processor.py:157} INFO - Started process (PID=347) to work on /opt/airflow/dags/ETL_toll_data.py
[2023-12-18T22:09:01.561+0000] {processor.py:829} INFO - Processing file /opt/airflow/dags/ETL_toll_data.py for tasks to queue
[2023-12-18T22:09:01.564+0000] {logging_mixin.py:154} INFO - [2023-12-18T22:09:01.564+0000] {dagbag.py:536} INFO - Filling up the DagBag from /opt/airflow/dags/ETL_toll_data.py
[2023-12-18T22:09:01.579+0000] {processor.py:839} INFO - DAG(s) dict_keys(['ETL_toll_data']) retrieved from /opt/airflow/dags/ETL_toll_data.py
[2023-12-18T22:09:01.619+0000] {logging_mixin.py:154} INFO - [2023-12-18T22:09:01.619+0000] {dag.py:2941} INFO - Sync 1 DAGs
[2023-12-18T22:09:01.646+0000] {logging_mixin.py:154} INFO - [2023-12-18T22:09:01.646+0000] {dag.py:3722} INFO - Setting next_dagrun for ETL_toll_data to 2023-12-18T00:00:00+00:00, run_after=2023-12-19T00:00:00+00:00
[2023-12-18T22:09:01.675+0000] {processor.py:179} INFO - Processing /opt/airflow/dags/ETL_toll_data.py took 0.120 seconds
[2023-12-18T22:09:31.943+0000] {processor.py:157} INFO - Started process (PID=355) to work on /opt/airflow/dags/ETL_toll_data.py
[2023-12-18T22:09:31.948+0000] {processor.py:829} INFO - Processing file /opt/airflow/dags/ETL_toll_data.py for tasks to queue
[2023-12-18T22:09:31.951+0000] {logging_mixin.py:154} INFO - [2023-12-18T22:09:31.950+0000] {dagbag.py:536} INFO - Filling up the DagBag from /opt/airflow/dags/ETL_toll_data.py
[2023-12-18T22:09:31.965+0000] {processor.py:839} INFO - DAG(s) dict_keys(['ETL_toll_data']) retrieved from /opt/airflow/dags/ETL_toll_data.py
[2023-12-18T22:09:32.001+0000] {logging_mixin.py:154} INFO - [2023-12-18T22:09:32.000+0000] {dag.py:2941} INFO - Sync 1 DAGs
[2023-12-18T22:09:32.026+0000] {logging_mixin.py:154} INFO - [2023-12-18T22:09:32.026+0000] {dag.py:3722} INFO - Setting next_dagrun for ETL_toll_data to 2023-12-18T00:00:00+00:00, run_after=2023-12-19T00:00:00+00:00
[2023-12-18T22:09:32.051+0000] {processor.py:179} INFO - Processing /opt/airflow/dags/ETL_toll_data.py took 0.113 seconds
[2023-12-18T22:10:02.432+0000] {processor.py:157} INFO - Started process (PID=363) to work on /opt/airflow/dags/ETL_toll_data.py
[2023-12-18T22:10:02.482+0000] {processor.py:829} INFO - Processing file /opt/airflow/dags/ETL_toll_data.py for tasks to queue
[2023-12-18T22:10:02.491+0000] {logging_mixin.py:154} INFO - [2023-12-18T22:10:02.491+0000] {dagbag.py:536} INFO - Filling up the DagBag from /opt/airflow/dags/ETL_toll_data.py
[2023-12-18T22:10:02.679+0000] {processor.py:839} INFO - DAG(s) dict_keys(['ETL_toll_data']) retrieved from /opt/airflow/dags/ETL_toll_data.py
[2023-12-18T22:10:03.235+0000] {logging_mixin.py:154} INFO - [2023-12-18T22:10:03.235+0000] {dag.py:2941} INFO - Sync 1 DAGs
[2023-12-18T22:10:03.350+0000] {logging_mixin.py:154} INFO - [2023-12-18T22:10:03.349+0000] {dag.py:3722} INFO - Setting next_dagrun for ETL_toll_data to 2023-12-18T00:00:00+00:00, run_after=2023-12-19T00:00:00+00:00
[2023-12-18T22:10:03.434+0000] {processor.py:179} INFO - Processing /opt/airflow/dags/ETL_toll_data.py took 1.028 seconds
[2023-12-18T22:10:33.938+0000] {processor.py:157} INFO - Started process (PID=371) to work on /opt/airflow/dags/ETL_toll_data.py
[2023-12-18T22:10:33.942+0000] {processor.py:829} INFO - Processing file /opt/airflow/dags/ETL_toll_data.py for tasks to queue
[2023-12-18T22:10:33.966+0000] {logging_mixin.py:154} INFO - [2023-12-18T22:10:33.962+0000] {dagbag.py:536} INFO - Filling up the DagBag from /opt/airflow/dags/ETL_toll_data.py
[2023-12-18T22:10:34.169+0000] {processor.py:839} INFO - DAG(s) dict_keys(['ETL_toll_data']) retrieved from /opt/airflow/dags/ETL_toll_data.py
[2023-12-18T22:10:34.452+0000] {logging_mixin.py:154} INFO - [2023-12-18T22:10:34.452+0000] {dag.py:2941} INFO - Sync 1 DAGs
[2023-12-18T22:10:34.797+0000] {logging_mixin.py:154} INFO - [2023-12-18T22:10:34.797+0000] {dag.py:3722} INFO - Setting next_dagrun for ETL_toll_data to 2023-12-18T00:00:00+00:00, run_after=2023-12-19T00:00:00+00:00
[2023-12-18T22:10:35.102+0000] {processor.py:179} INFO - Processing /opt/airflow/dags/ETL_toll_data.py took 1.185 seconds
[2023-12-18T22:11:05.262+0000] {processor.py:157} INFO - Started process (PID=378) to work on /opt/airflow/dags/ETL_toll_data.py
[2023-12-18T22:11:05.263+0000] {processor.py:829} INFO - Processing file /opt/airflow/dags/ETL_toll_data.py for tasks to queue
[2023-12-18T22:11:05.267+0000] {logging_mixin.py:154} INFO - [2023-12-18T22:11:05.266+0000] {dagbag.py:536} INFO - Filling up the DagBag from /opt/airflow/dags/ETL_toll_data.py
[2023-12-18T22:11:05.288+0000] {processor.py:839} INFO - DAG(s) dict_keys(['ETL_toll_data']) retrieved from /opt/airflow/dags/ETL_toll_data.py
[2023-12-18T22:11:05.338+0000] {logging_mixin.py:154} INFO - [2023-12-18T22:11:05.338+0000] {dag.py:2941} INFO - Sync 1 DAGs
[2023-12-18T22:11:05.374+0000] {logging_mixin.py:154} INFO - [2023-12-18T22:11:05.373+0000] {dag.py:3722} INFO - Setting next_dagrun for ETL_toll_data to 2023-12-18T00:00:00+00:00, run_after=2023-12-19T00:00:00+00:00
[2023-12-18T22:11:05.403+0000] {processor.py:179} INFO - Processing /opt/airflow/dags/ETL_toll_data.py took 0.147 seconds
[2023-12-18T22:11:35.614+0000] {processor.py:157} INFO - Started process (PID=387) to work on /opt/airflow/dags/ETL_toll_data.py
[2023-12-18T22:11:35.625+0000] {processor.py:829} INFO - Processing file /opt/airflow/dags/ETL_toll_data.py for tasks to queue
[2023-12-18T22:11:35.631+0000] {logging_mixin.py:154} INFO - [2023-12-18T22:11:35.630+0000] {dagbag.py:536} INFO - Filling up the DagBag from /opt/airflow/dags/ETL_toll_data.py
[2023-12-18T22:11:35.691+0000] {processor.py:839} INFO - DAG(s) dict_keys(['ETL_toll_data']) retrieved from /opt/airflow/dags/ETL_toll_data.py
[2023-12-18T22:11:35.812+0000] {logging_mixin.py:154} INFO - [2023-12-18T22:11:35.812+0000] {dag.py:2941} INFO - Sync 1 DAGs
[2023-12-18T22:11:35.918+0000] {logging_mixin.py:154} INFO - [2023-12-18T22:11:35.918+0000] {dag.py:3722} INFO - Setting next_dagrun for ETL_toll_data to 2023-12-18T00:00:00+00:00, run_after=2023-12-19T00:00:00+00:00
[2023-12-18T22:11:35.994+0000] {processor.py:179} INFO - Processing /opt/airflow/dags/ETL_toll_data.py took 0.396 seconds
[2023-12-18T22:12:06.445+0000] {processor.py:157} INFO - Started process (PID=394) to work on /opt/airflow/dags/ETL_toll_data.py
[2023-12-18T22:12:06.466+0000] {processor.py:829} INFO - Processing file /opt/airflow/dags/ETL_toll_data.py for tasks to queue
[2023-12-18T22:12:06.513+0000] {logging_mixin.py:154} INFO - [2023-12-18T22:12:06.512+0000] {dagbag.py:536} INFO - Filling up the DagBag from /opt/airflow/dags/ETL_toll_data.py
[2023-12-18T22:12:06.538+0000] {processor.py:839} INFO - DAG(s) dict_keys(['ETL_toll_data']) retrieved from /opt/airflow/dags/ETL_toll_data.py
[2023-12-18T22:12:06.580+0000] {logging_mixin.py:154} INFO - [2023-12-18T22:12:06.580+0000] {dag.py:2941} INFO - Sync 1 DAGs
[2023-12-18T22:12:06.609+0000] {logging_mixin.py:154} INFO - [2023-12-18T22:12:06.609+0000] {dag.py:3722} INFO - Setting next_dagrun for ETL_toll_data to 2023-12-18T00:00:00+00:00, run_after=2023-12-19T00:00:00+00:00
[2023-12-18T22:12:06.643+0000] {processor.py:179} INFO - Processing /opt/airflow/dags/ETL_toll_data.py took 0.203 seconds
[2023-12-18T22:12:37.131+0000] {processor.py:157} INFO - Started process (PID=402) to work on /opt/airflow/dags/ETL_toll_data.py
[2023-12-18T22:12:37.134+0000] {processor.py:829} INFO - Processing file /opt/airflow/dags/ETL_toll_data.py for tasks to queue
[2023-12-18T22:12:37.158+0000] {logging_mixin.py:154} INFO - [2023-12-18T22:12:37.158+0000] {dagbag.py:536} INFO - Filling up the DagBag from /opt/airflow/dags/ETL_toll_data.py
[2023-12-18T22:12:37.194+0000] {processor.py:839} INFO - DAG(s) dict_keys(['ETL_toll_data']) retrieved from /opt/airflow/dags/ETL_toll_data.py
[2023-12-18T22:12:37.265+0000] {logging_mixin.py:154} INFO - [2023-12-18T22:12:37.265+0000] {dag.py:2941} INFO - Sync 1 DAGs
[2023-12-18T22:12:37.330+0000] {logging_mixin.py:154} INFO - [2023-12-18T22:12:37.329+0000] {dag.py:3722} INFO - Setting next_dagrun for ETL_toll_data to 2023-12-18T00:00:00+00:00, run_after=2023-12-19T00:00:00+00:00
[2023-12-18T22:12:37.433+0000] {processor.py:179} INFO - Processing /opt/airflow/dags/ETL_toll_data.py took 0.307 seconds
[2023-12-18T22:13:07.876+0000] {processor.py:157} INFO - Started process (PID=410) to work on /opt/airflow/dags/ETL_toll_data.py
[2023-12-18T22:13:07.878+0000] {processor.py:829} INFO - Processing file /opt/airflow/dags/ETL_toll_data.py for tasks to queue
[2023-12-18T22:13:08.021+0000] {logging_mixin.py:154} INFO - [2023-12-18T22:13:08.018+0000] {dagbag.py:536} INFO - Filling up the DagBag from /opt/airflow/dags/ETL_toll_data.py
[2023-12-18T22:13:08.348+0000] {processor.py:839} INFO - DAG(s) dict_keys(['ETL_toll_data']) retrieved from /opt/airflow/dags/ETL_toll_data.py
[2023-12-18T22:13:08.932+0000] {logging_mixin.py:154} INFO - [2023-12-18T22:13:08.932+0000] {dag.py:2941} INFO - Sync 1 DAGs
[2023-12-18T22:13:09.490+0000] {logging_mixin.py:154} INFO - [2023-12-18T22:13:09.489+0000] {dag.py:3722} INFO - Setting next_dagrun for ETL_toll_data to 2023-12-18T00:00:00+00:00, run_after=2023-12-19T00:00:00+00:00
[2023-12-18T22:13:09.685+0000] {processor.py:179} INFO - Processing /opt/airflow/dags/ETL_toll_data.py took 1.819 seconds
[2023-12-18T22:13:40.075+0000] {processor.py:157} INFO - Started process (PID=417) to work on /opt/airflow/dags/ETL_toll_data.py
[2023-12-18T22:13:40.081+0000] {processor.py:829} INFO - Processing file /opt/airflow/dags/ETL_toll_data.py for tasks to queue
[2023-12-18T22:13:40.101+0000] {logging_mixin.py:154} INFO - [2023-12-18T22:13:40.101+0000] {dagbag.py:536} INFO - Filling up the DagBag from /opt/airflow/dags/ETL_toll_data.py
[2023-12-18T22:13:40.246+0000] {processor.py:839} INFO - DAG(s) dict_keys(['ETL_toll_data']) retrieved from /opt/airflow/dags/ETL_toll_data.py
[2023-12-18T22:13:40.711+0000] {logging_mixin.py:154} INFO - [2023-12-18T22:13:40.708+0000] {dag.py:2941} INFO - Sync 1 DAGs
[2023-12-18T22:13:40.848+0000] {logging_mixin.py:154} INFO - [2023-12-18T22:13:40.848+0000] {dag.py:3722} INFO - Setting next_dagrun for ETL_toll_data to 2023-12-18T00:00:00+00:00, run_after=2023-12-19T00:00:00+00:00
[2023-12-18T22:13:40.899+0000] {processor.py:179} INFO - Processing /opt/airflow/dags/ETL_toll_data.py took 0.836 seconds
[2023-12-18T22:14:11.669+0000] {processor.py:157} INFO - Started process (PID=425) to work on /opt/airflow/dags/ETL_toll_data.py
[2023-12-18T22:14:11.683+0000] {processor.py:829} INFO - Processing file /opt/airflow/dags/ETL_toll_data.py for tasks to queue
[2023-12-18T22:14:11.692+0000] {logging_mixin.py:154} INFO - [2023-12-18T22:14:11.692+0000] {dagbag.py:536} INFO - Filling up the DagBag from /opt/airflow/dags/ETL_toll_data.py
[2023-12-18T22:14:11.766+0000] {processor.py:839} INFO - DAG(s) dict_keys(['ETL_toll_data']) retrieved from /opt/airflow/dags/ETL_toll_data.py
[2023-12-18T22:14:11.890+0000] {logging_mixin.py:154} INFO - [2023-12-18T22:14:11.890+0000] {dag.py:2941} INFO - Sync 1 DAGs
[2023-12-18T22:14:11.969+0000] {logging_mixin.py:154} INFO - [2023-12-18T22:14:11.968+0000] {dag.py:3722} INFO - Setting next_dagrun for ETL_toll_data to 2023-12-18T00:00:00+00:00, run_after=2023-12-19T00:00:00+00:00
[2023-12-18T22:14:12.129+0000] {processor.py:179} INFO - Processing /opt/airflow/dags/ETL_toll_data.py took 0.468 seconds
[2023-12-18T22:14:42.722+0000] {processor.py:157} INFO - Started process (PID=433) to work on /opt/airflow/dags/ETL_toll_data.py
[2023-12-18T22:14:42.725+0000] {processor.py:829} INFO - Processing file /opt/airflow/dags/ETL_toll_data.py for tasks to queue
[2023-12-18T22:14:42.730+0000] {logging_mixin.py:154} INFO - [2023-12-18T22:14:42.729+0000] {dagbag.py:536} INFO - Filling up the DagBag from /opt/airflow/dags/ETL_toll_data.py
[2023-12-18T22:14:42.764+0000] {processor.py:839} INFO - DAG(s) dict_keys(['ETL_toll_data']) retrieved from /opt/airflow/dags/ETL_toll_data.py
[2023-12-18T22:14:42.854+0000] {logging_mixin.py:154} INFO - [2023-12-18T22:14:42.854+0000] {dag.py:2941} INFO - Sync 1 DAGs
[2023-12-18T22:14:42.904+0000] {logging_mixin.py:154} INFO - [2023-12-18T22:14:42.904+0000] {dag.py:3722} INFO - Setting next_dagrun for ETL_toll_data to 2023-12-18T00:00:00+00:00, run_after=2023-12-19T00:00:00+00:00
[2023-12-18T22:14:42.970+0000] {processor.py:179} INFO - Processing /opt/airflow/dags/ETL_toll_data.py took 0.254 seconds
[2023-12-18T22:15:13.267+0000] {processor.py:157} INFO - Started process (PID=440) to work on /opt/airflow/dags/ETL_toll_data.py
[2023-12-18T22:15:13.270+0000] {processor.py:829} INFO - Processing file /opt/airflow/dags/ETL_toll_data.py for tasks to queue
[2023-12-18T22:15:13.277+0000] {logging_mixin.py:154} INFO - [2023-12-18T22:15:13.275+0000] {dagbag.py:536} INFO - Filling up the DagBag from /opt/airflow/dags/ETL_toll_data.py
[2023-12-18T22:15:13.315+0000] {processor.py:839} INFO - DAG(s) dict_keys(['ETL_toll_data']) retrieved from /opt/airflow/dags/ETL_toll_data.py
[2023-12-18T22:15:13.394+0000] {logging_mixin.py:154} INFO - [2023-12-18T22:15:13.393+0000] {dag.py:2941} INFO - Sync 1 DAGs
[2023-12-18T22:15:13.445+0000] {logging_mixin.py:154} INFO - [2023-12-18T22:15:13.444+0000] {dag.py:3722} INFO - Setting next_dagrun for ETL_toll_data to 2023-12-18T00:00:00+00:00, run_after=2023-12-19T00:00:00+00:00
[2023-12-18T22:15:13.489+0000] {processor.py:179} INFO - Processing /opt/airflow/dags/ETL_toll_data.py took 0.231 seconds
[2023-12-18T22:15:43.751+0000] {processor.py:157} INFO - Started process (PID=448) to work on /opt/airflow/dags/ETL_toll_data.py
[2023-12-18T22:15:43.753+0000] {processor.py:829} INFO - Processing file /opt/airflow/dags/ETL_toll_data.py for tasks to queue
[2023-12-18T22:15:43.806+0000] {logging_mixin.py:154} INFO - [2023-12-18T22:15:43.806+0000] {dagbag.py:536} INFO - Filling up the DagBag from /opt/airflow/dags/ETL_toll_data.py
[2023-12-18T22:15:43.879+0000] {processor.py:839} INFO - DAG(s) dict_keys(['ETL_toll_data']) retrieved from /opt/airflow/dags/ETL_toll_data.py
[2023-12-18T22:15:44.008+0000] {logging_mixin.py:154} INFO - [2023-12-18T22:15:44.008+0000] {dag.py:2941} INFO - Sync 1 DAGs
[2023-12-18T22:15:44.064+0000] {logging_mixin.py:154} INFO - [2023-12-18T22:15:44.064+0000] {dag.py:3722} INFO - Setting next_dagrun for ETL_toll_data to 2023-12-18T00:00:00+00:00, run_after=2023-12-19T00:00:00+00:00
[2023-12-18T22:15:44.095+0000] {processor.py:179} INFO - Processing /opt/airflow/dags/ETL_toll_data.py took 0.353 seconds
[2023-12-18T22:26:19.441+0000] {processor.py:157} INFO - Started process (PID=36) to work on /opt/airflow/dags/ETL_toll_data.py
[2023-12-18T22:26:19.470+0000] {processor.py:829} INFO - Processing file /opt/airflow/dags/ETL_toll_data.py for tasks to queue
[2023-12-18T22:26:19.490+0000] {logging_mixin.py:154} INFO - [2023-12-18T22:26:19.488+0000] {dagbag.py:536} INFO - Filling up the DagBag from /opt/airflow/dags/ETL_toll_data.py
[2023-12-18T22:26:19.618+0000] {processor.py:839} INFO - DAG(s) dict_keys(['ETL_toll_data']) retrieved from /opt/airflow/dags/ETL_toll_data.py
[2023-12-18T22:26:19.765+0000] {logging_mixin.py:154} INFO - [2023-12-18T22:26:19.764+0000] {dag.py:2941} INFO - Sync 1 DAGs
[2023-12-18T22:26:19.808+0000] {logging_mixin.py:154} INFO - [2023-12-18T22:26:19.808+0000] {dag.py:3722} INFO - Setting next_dagrun for ETL_toll_data to 2023-12-18T00:00:00+00:00, run_after=2023-12-19T00:00:00+00:00
[2023-12-18T22:26:19.841+0000] {processor.py:179} INFO - Processing /opt/airflow/dags/ETL_toll_data.py took 0.434 seconds
[2023-12-18T22:26:50.017+0000] {processor.py:157} INFO - Started process (PID=44) to work on /opt/airflow/dags/ETL_toll_data.py
[2023-12-18T22:26:50.020+0000] {processor.py:829} INFO - Processing file /opt/airflow/dags/ETL_toll_data.py for tasks to queue
[2023-12-18T22:26:50.025+0000] {logging_mixin.py:154} INFO - [2023-12-18T22:26:50.025+0000] {dagbag.py:536} INFO - Filling up the DagBag from /opt/airflow/dags/ETL_toll_data.py
[2023-12-18T22:26:50.052+0000] {processor.py:839} INFO - DAG(s) dict_keys(['ETL_toll_data']) retrieved from /opt/airflow/dags/ETL_toll_data.py
[2023-12-18T22:26:50.126+0000] {logging_mixin.py:154} INFO - [2023-12-18T22:26:50.126+0000] {dag.py:2941} INFO - Sync 1 DAGs
[2023-12-18T22:26:50.182+0000] {logging_mixin.py:154} INFO - [2023-12-18T22:26:50.182+0000] {dag.py:3722} INFO - Setting next_dagrun for ETL_toll_data to 2023-12-18T00:00:00+00:00, run_after=2023-12-19T00:00:00+00:00
[2023-12-18T22:26:50.231+0000] {processor.py:179} INFO - Processing /opt/airflow/dags/ETL_toll_data.py took 0.223 seconds
[2023-12-18T22:27:20.505+0000] {processor.py:157} INFO - Started process (PID=52) to work on /opt/airflow/dags/ETL_toll_data.py
[2023-12-18T22:27:20.507+0000] {processor.py:829} INFO - Processing file /opt/airflow/dags/ETL_toll_data.py for tasks to queue
[2023-12-18T22:27:20.510+0000] {logging_mixin.py:154} INFO - [2023-12-18T22:27:20.509+0000] {dagbag.py:536} INFO - Filling up the DagBag from /opt/airflow/dags/ETL_toll_data.py
[2023-12-18T22:27:20.529+0000] {processor.py:839} INFO - DAG(s) dict_keys(['ETL_toll_data']) retrieved from /opt/airflow/dags/ETL_toll_data.py
[2023-12-18T22:27:20.583+0000] {logging_mixin.py:154} INFO - [2023-12-18T22:27:20.582+0000] {dag.py:2941} INFO - Sync 1 DAGs
[2023-12-18T22:27:20.724+0000] {logging_mixin.py:154} INFO - [2023-12-18T22:27:20.724+0000] {dag.py:3722} INFO - Setting next_dagrun for ETL_toll_data to 2023-12-18T00:00:00+00:00, run_after=2023-12-19T00:00:00+00:00
[2023-12-18T22:27:20.763+0000] {processor.py:179} INFO - Processing /opt/airflow/dags/ETL_toll_data.py took 0.262 seconds
[2023-12-18T22:27:50.836+0000] {processor.py:157} INFO - Started process (PID=60) to work on /opt/airflow/dags/ETL_toll_data.py
[2023-12-18T22:27:50.842+0000] {processor.py:829} INFO - Processing file /opt/airflow/dags/ETL_toll_data.py for tasks to queue
[2023-12-18T22:27:50.846+0000] {logging_mixin.py:154} INFO - [2023-12-18T22:27:50.846+0000] {dagbag.py:536} INFO - Filling up the DagBag from /opt/airflow/dags/ETL_toll_data.py
[2023-12-18T22:27:50.867+0000] {processor.py:839} INFO - DAG(s) dict_keys(['ETL_toll_data']) retrieved from /opt/airflow/dags/ETL_toll_data.py
[2023-12-18T22:27:50.922+0000] {logging_mixin.py:154} INFO - [2023-12-18T22:27:50.921+0000] {dag.py:2941} INFO - Sync 1 DAGs
[2023-12-18T22:27:50.955+0000] {logging_mixin.py:154} INFO - [2023-12-18T22:27:50.955+0000] {dag.py:3722} INFO - Setting next_dagrun for ETL_toll_data to 2023-12-18T00:00:00+00:00, run_after=2023-12-19T00:00:00+00:00
[2023-12-18T22:27:50.994+0000] {processor.py:179} INFO - Processing /opt/airflow/dags/ETL_toll_data.py took 0.164 seconds
[2023-12-18T22:28:21.405+0000] {processor.py:157} INFO - Started process (PID=69) to work on /opt/airflow/dags/ETL_toll_data.py
[2023-12-18T22:28:21.407+0000] {processor.py:829} INFO - Processing file /opt/airflow/dags/ETL_toll_data.py for tasks to queue
[2023-12-18T22:28:21.411+0000] {logging_mixin.py:154} INFO - [2023-12-18T22:28:21.410+0000] {dagbag.py:536} INFO - Filling up the DagBag from /opt/airflow/dags/ETL_toll_data.py
[2023-12-18T22:28:21.429+0000] {processor.py:839} INFO - DAG(s) dict_keys(['ETL_toll_data']) retrieved from /opt/airflow/dags/ETL_toll_data.py
[2023-12-18T22:28:21.472+0000] {logging_mixin.py:154} INFO - [2023-12-18T22:28:21.472+0000] {dag.py:2941} INFO - Sync 1 DAGs
[2023-12-18T22:28:21.502+0000] {logging_mixin.py:154} INFO - [2023-12-18T22:28:21.501+0000] {dag.py:3722} INFO - Setting next_dagrun for ETL_toll_data to 2023-12-18T00:00:00+00:00, run_after=2023-12-19T00:00:00+00:00
[2023-12-18T22:28:21.533+0000] {processor.py:179} INFO - Processing /opt/airflow/dags/ETL_toll_data.py took 0.133 seconds
[2023-12-18T22:28:51.639+0000] {processor.py:157} INFO - Started process (PID=77) to work on /opt/airflow/dags/ETL_toll_data.py
[2023-12-18T22:28:51.641+0000] {processor.py:829} INFO - Processing file /opt/airflow/dags/ETL_toll_data.py for tasks to queue
[2023-12-18T22:28:51.643+0000] {logging_mixin.py:154} INFO - [2023-12-18T22:28:51.643+0000] {dagbag.py:536} INFO - Filling up the DagBag from /opt/airflow/dags/ETL_toll_data.py
[2023-12-18T22:28:51.656+0000] {processor.py:839} INFO - DAG(s) dict_keys(['ETL_toll_data']) retrieved from /opt/airflow/dags/ETL_toll_data.py
[2023-12-18T22:28:51.697+0000] {logging_mixin.py:154} INFO - [2023-12-18T22:28:51.697+0000] {dag.py:2941} INFO - Sync 1 DAGs
[2023-12-18T22:28:51.723+0000] {logging_mixin.py:154} INFO - [2023-12-18T22:28:51.723+0000] {dag.py:3722} INFO - Setting next_dagrun for ETL_toll_data to 2023-12-18T00:00:00+00:00, run_after=2023-12-19T00:00:00+00:00
[2023-12-18T22:28:51.747+0000] {processor.py:179} INFO - Processing /opt/airflow/dags/ETL_toll_data.py took 0.112 seconds
[2023-12-18T22:29:22.579+0000] {processor.py:157} INFO - Started process (PID=85) to work on /opt/airflow/dags/ETL_toll_data.py
[2023-12-18T22:29:22.582+0000] {processor.py:829} INFO - Processing file /opt/airflow/dags/ETL_toll_data.py for tasks to queue
[2023-12-18T22:29:22.584+0000] {logging_mixin.py:154} INFO - [2023-12-18T22:29:22.584+0000] {dagbag.py:536} INFO - Filling up the DagBag from /opt/airflow/dags/ETL_toll_data.py
[2023-12-18T22:29:22.600+0000] {processor.py:839} INFO - DAG(s) dict_keys(['ETL_toll_data']) retrieved from /opt/airflow/dags/ETL_toll_data.py
[2023-12-18T22:29:22.642+0000] {logging_mixin.py:154} INFO - [2023-12-18T22:29:22.642+0000] {dag.py:2941} INFO - Sync 1 DAGs
[2023-12-18T22:29:22.672+0000] {logging_mixin.py:154} INFO - [2023-12-18T22:29:22.671+0000] {dag.py:3722} INFO - Setting next_dagrun for ETL_toll_data to 2023-12-18T00:00:00+00:00, run_after=2023-12-19T00:00:00+00:00
[2023-12-18T22:29:22.703+0000] {processor.py:179} INFO - Processing /opt/airflow/dags/ETL_toll_data.py took 0.128 seconds
[2023-12-18T22:29:53.054+0000] {processor.py:157} INFO - Started process (PID=93) to work on /opt/airflow/dags/ETL_toll_data.py
[2023-12-18T22:29:53.057+0000] {processor.py:829} INFO - Processing file /opt/airflow/dags/ETL_toll_data.py for tasks to queue
[2023-12-18T22:29:53.059+0000] {logging_mixin.py:154} INFO - [2023-12-18T22:29:53.059+0000] {dagbag.py:536} INFO - Filling up the DagBag from /opt/airflow/dags/ETL_toll_data.py
[2023-12-18T22:29:53.072+0000] {processor.py:839} INFO - DAG(s) dict_keys(['ETL_toll_data']) retrieved from /opt/airflow/dags/ETL_toll_data.py
[2023-12-18T22:29:53.114+0000] {logging_mixin.py:154} INFO - [2023-12-18T22:29:53.114+0000] {dag.py:2941} INFO - Sync 1 DAGs
[2023-12-18T22:29:53.143+0000] {logging_mixin.py:154} INFO - [2023-12-18T22:29:53.143+0000] {dag.py:3722} INFO - Setting next_dagrun for ETL_toll_data to 2023-12-18T00:00:00+00:00, run_after=2023-12-19T00:00:00+00:00
[2023-12-18T22:29:53.172+0000] {processor.py:179} INFO - Processing /opt/airflow/dags/ETL_toll_data.py took 0.121 seconds
[2023-12-18T22:30:23.664+0000] {processor.py:157} INFO - Started process (PID=101) to work on /opt/airflow/dags/ETL_toll_data.py
[2023-12-18T22:30:23.668+0000] {processor.py:829} INFO - Processing file /opt/airflow/dags/ETL_toll_data.py for tasks to queue
[2023-12-18T22:30:23.671+0000] {logging_mixin.py:154} INFO - [2023-12-18T22:30:23.670+0000] {dagbag.py:536} INFO - Filling up the DagBag from /opt/airflow/dags/ETL_toll_data.py
[2023-12-18T22:30:23.689+0000] {processor.py:839} INFO - DAG(s) dict_keys(['ETL_toll_data']) retrieved from /opt/airflow/dags/ETL_toll_data.py
[2023-12-18T22:30:23.736+0000] {logging_mixin.py:154} INFO - [2023-12-18T22:30:23.736+0000] {dag.py:2941} INFO - Sync 1 DAGs
[2023-12-18T22:30:23.770+0000] {logging_mixin.py:154} INFO - [2023-12-18T22:30:23.770+0000] {dag.py:3722} INFO - Setting next_dagrun for ETL_toll_data to 2023-12-18T00:00:00+00:00, run_after=2023-12-19T00:00:00+00:00
[2023-12-18T22:30:23.808+0000] {processor.py:179} INFO - Processing /opt/airflow/dags/ETL_toll_data.py took 0.148 seconds
[2023-12-18T22:30:54.110+0000] {processor.py:157} INFO - Started process (PID=109) to work on /opt/airflow/dags/ETL_toll_data.py
[2023-12-18T22:30:54.112+0000] {processor.py:829} INFO - Processing file /opt/airflow/dags/ETL_toll_data.py for tasks to queue
[2023-12-18T22:30:54.114+0000] {logging_mixin.py:154} INFO - [2023-12-18T22:30:54.114+0000] {dagbag.py:536} INFO - Filling up the DagBag from /opt/airflow/dags/ETL_toll_data.py
[2023-12-18T22:30:54.130+0000] {processor.py:839} INFO - DAG(s) dict_keys(['ETL_toll_data']) retrieved from /opt/airflow/dags/ETL_toll_data.py
[2023-12-18T22:30:54.170+0000] {logging_mixin.py:154} INFO - [2023-12-18T22:30:54.169+0000] {dag.py:2941} INFO - Sync 1 DAGs
[2023-12-18T22:30:54.195+0000] {logging_mixin.py:154} INFO - [2023-12-18T22:30:54.195+0000] {dag.py:3722} INFO - Setting next_dagrun for ETL_toll_data to 2023-12-18T00:00:00+00:00, run_after=2023-12-19T00:00:00+00:00
[2023-12-18T22:30:54.221+0000] {processor.py:179} INFO - Processing /opt/airflow/dags/ETL_toll_data.py took 0.115 seconds
[2023-12-18T22:31:24.378+0000] {processor.py:157} INFO - Started process (PID=117) to work on /opt/airflow/dags/ETL_toll_data.py
[2023-12-18T22:31:24.379+0000] {processor.py:829} INFO - Processing file /opt/airflow/dags/ETL_toll_data.py for tasks to queue
[2023-12-18T22:31:24.382+0000] {logging_mixin.py:154} INFO - [2023-12-18T22:31:24.382+0000] {dagbag.py:536} INFO - Filling up the DagBag from /opt/airflow/dags/ETL_toll_data.py
[2023-12-18T22:31:24.397+0000] {processor.py:839} INFO - DAG(s) dict_keys(['ETL_toll_data']) retrieved from /opt/airflow/dags/ETL_toll_data.py
[2023-12-18T22:31:24.434+0000] {logging_mixin.py:154} INFO - [2023-12-18T22:31:24.434+0000] {dag.py:2941} INFO - Sync 1 DAGs
[2023-12-18T22:31:24.462+0000] {logging_mixin.py:154} INFO - [2023-12-18T22:31:24.462+0000] {dag.py:3722} INFO - Setting next_dagrun for ETL_toll_data to 2023-12-18T00:00:00+00:00, run_after=2023-12-19T00:00:00+00:00
[2023-12-18T22:31:24.487+0000] {processor.py:179} INFO - Processing /opt/airflow/dags/ETL_toll_data.py took 0.114 seconds
[2023-12-18T22:31:54.705+0000] {processor.py:157} INFO - Started process (PID=125) to work on /opt/airflow/dags/ETL_toll_data.py
[2023-12-18T22:31:54.719+0000] {processor.py:829} INFO - Processing file /opt/airflow/dags/ETL_toll_data.py for tasks to queue
[2023-12-18T22:31:54.722+0000] {logging_mixin.py:154} INFO - [2023-12-18T22:31:54.721+0000] {dagbag.py:536} INFO - Filling up the DagBag from /opt/airflow/dags/ETL_toll_data.py
[2023-12-18T22:31:54.735+0000] {processor.py:839} INFO - DAG(s) dict_keys(['ETL_toll_data']) retrieved from /opt/airflow/dags/ETL_toll_data.py
[2023-12-18T22:31:54.773+0000] {logging_mixin.py:154} INFO - [2023-12-18T22:31:54.773+0000] {dag.py:2941} INFO - Sync 1 DAGs
[2023-12-18T22:31:54.802+0000] {logging_mixin.py:154} INFO - [2023-12-18T22:31:54.802+0000] {dag.py:3722} INFO - Setting next_dagrun for ETL_toll_data to 2023-12-18T00:00:00+00:00, run_after=2023-12-19T00:00:00+00:00
[2023-12-18T22:31:54.826+0000] {processor.py:179} INFO - Processing /opt/airflow/dags/ETL_toll_data.py took 0.125 seconds
[2023-12-18T22:32:25.014+0000] {processor.py:157} INFO - Started process (PID=134) to work on /opt/airflow/dags/ETL_toll_data.py
[2023-12-18T22:32:25.015+0000] {processor.py:829} INFO - Processing file /opt/airflow/dags/ETL_toll_data.py for tasks to queue
[2023-12-18T22:32:25.018+0000] {logging_mixin.py:154} INFO - [2023-12-18T22:32:25.018+0000] {dagbag.py:536} INFO - Filling up the DagBag from /opt/airflow/dags/ETL_toll_data.py
[2023-12-18T22:32:25.033+0000] {processor.py:839} INFO - DAG(s) dict_keys(['ETL_toll_data']) retrieved from /opt/airflow/dags/ETL_toll_data.py
[2023-12-18T22:32:25.069+0000] {logging_mixin.py:154} INFO - [2023-12-18T22:32:25.069+0000] {dag.py:2941} INFO - Sync 1 DAGs
[2023-12-18T22:32:25.096+0000] {logging_mixin.py:154} INFO - [2023-12-18T22:32:25.096+0000] {dag.py:3722} INFO - Setting next_dagrun for ETL_toll_data to 2023-12-18T00:00:00+00:00, run_after=2023-12-19T00:00:00+00:00
[2023-12-18T22:32:25.124+0000] {processor.py:179} INFO - Processing /opt/airflow/dags/ETL_toll_data.py took 0.114 seconds
[2023-12-18T22:32:55.634+0000] {processor.py:157} INFO - Started process (PID=143) to work on /opt/airflow/dags/ETL_toll_data.py
[2023-12-18T22:32:55.636+0000] {processor.py:829} INFO - Processing file /opt/airflow/dags/ETL_toll_data.py for tasks to queue
[2023-12-18T22:32:55.638+0000] {logging_mixin.py:154} INFO - [2023-12-18T22:32:55.638+0000] {dagbag.py:536} INFO - Filling up the DagBag from /opt/airflow/dags/ETL_toll_data.py
[2023-12-18T22:32:55.652+0000] {processor.py:839} INFO - DAG(s) dict_keys(['ETL_toll_data']) retrieved from /opt/airflow/dags/ETL_toll_data.py
[2023-12-18T22:32:55.690+0000] {logging_mixin.py:154} INFO - [2023-12-18T22:32:55.689+0000] {dag.py:2941} INFO - Sync 1 DAGs
[2023-12-18T22:32:55.717+0000] {logging_mixin.py:154} INFO - [2023-12-18T22:32:55.717+0000] {dag.py:3722} INFO - Setting next_dagrun for ETL_toll_data to 2023-12-18T00:00:00+00:00, run_after=2023-12-19T00:00:00+00:00
[2023-12-18T22:32:55.749+0000] {processor.py:179} INFO - Processing /opt/airflow/dags/ETL_toll_data.py took 0.119 seconds
[2023-12-18T22:33:25.880+0000] {processor.py:157} INFO - Started process (PID=151) to work on /opt/airflow/dags/ETL_toll_data.py
[2023-12-18T22:33:25.883+0000] {processor.py:829} INFO - Processing file /opt/airflow/dags/ETL_toll_data.py for tasks to queue
[2023-12-18T22:33:25.886+0000] {logging_mixin.py:154} INFO - [2023-12-18T22:33:25.886+0000] {dagbag.py:536} INFO - Filling up the DagBag from /opt/airflow/dags/ETL_toll_data.py
[2023-12-18T22:33:25.901+0000] {processor.py:839} INFO - DAG(s) dict_keys(['ETL_toll_data']) retrieved from /opt/airflow/dags/ETL_toll_data.py
[2023-12-18T22:33:25.950+0000] {logging_mixin.py:154} INFO - [2023-12-18T22:33:25.949+0000] {dag.py:2941} INFO - Sync 1 DAGs
[2023-12-18T22:33:25.981+0000] {logging_mixin.py:154} INFO - [2023-12-18T22:33:25.981+0000] {dag.py:3722} INFO - Setting next_dagrun for ETL_toll_data to 2023-12-18T00:00:00+00:00, run_after=2023-12-19T00:00:00+00:00
[2023-12-18T22:33:26.007+0000] {processor.py:179} INFO - Processing /opt/airflow/dags/ETL_toll_data.py took 0.130 seconds
[2023-12-18T22:33:56.167+0000] {processor.py:157} INFO - Started process (PID=159) to work on /opt/airflow/dags/ETL_toll_data.py
[2023-12-18T22:33:56.168+0000] {processor.py:829} INFO - Processing file /opt/airflow/dags/ETL_toll_data.py for tasks to queue
[2023-12-18T22:33:56.171+0000] {logging_mixin.py:154} INFO - [2023-12-18T22:33:56.170+0000] {dagbag.py:536} INFO - Filling up the DagBag from /opt/airflow/dags/ETL_toll_data.py
[2023-12-18T22:33:56.185+0000] {processor.py:839} INFO - DAG(s) dict_keys(['ETL_toll_data']) retrieved from /opt/airflow/dags/ETL_toll_data.py
[2023-12-18T22:33:56.222+0000] {logging_mixin.py:154} INFO - [2023-12-18T22:33:56.221+0000] {dag.py:2941} INFO - Sync 1 DAGs
[2023-12-18T22:33:56.252+0000] {logging_mixin.py:154} INFO - [2023-12-18T22:33:56.252+0000] {dag.py:3722} INFO - Setting next_dagrun for ETL_toll_data to 2023-12-18T00:00:00+00:00, run_after=2023-12-19T00:00:00+00:00
[2023-12-18T22:33:56.287+0000] {processor.py:179} INFO - Processing /opt/airflow/dags/ETL_toll_data.py took 0.125 seconds
[2023-12-18T22:34:26.454+0000] {processor.py:157} INFO - Started process (PID=167) to work on /opt/airflow/dags/ETL_toll_data.py
[2023-12-18T22:34:26.455+0000] {processor.py:829} INFO - Processing file /opt/airflow/dags/ETL_toll_data.py for tasks to queue
[2023-12-18T22:34:26.458+0000] {logging_mixin.py:154} INFO - [2023-12-18T22:34:26.457+0000] {dagbag.py:536} INFO - Filling up the DagBag from /opt/airflow/dags/ETL_toll_data.py
[2023-12-18T22:34:26.473+0000] {processor.py:839} INFO - DAG(s) dict_keys(['ETL_toll_data']) retrieved from /opt/airflow/dags/ETL_toll_data.py
[2023-12-18T22:34:26.516+0000] {logging_mixin.py:154} INFO - [2023-12-18T22:34:26.515+0000] {dag.py:2941} INFO - Sync 1 DAGs
[2023-12-18T22:34:26.546+0000] {logging_mixin.py:154} INFO - [2023-12-18T22:34:26.546+0000] {dag.py:3722} INFO - Setting next_dagrun for ETL_toll_data to 2023-12-18T00:00:00+00:00, run_after=2023-12-19T00:00:00+00:00
[2023-12-18T22:34:26.577+0000] {processor.py:179} INFO - Processing /opt/airflow/dags/ETL_toll_data.py took 0.129 seconds
[2023-12-18T22:34:56.826+0000] {processor.py:157} INFO - Started process (PID=175) to work on /opt/airflow/dags/ETL_toll_data.py
[2023-12-18T22:34:56.829+0000] {processor.py:829} INFO - Processing file /opt/airflow/dags/ETL_toll_data.py for tasks to queue
[2023-12-18T22:34:56.831+0000] {logging_mixin.py:154} INFO - [2023-12-18T22:34:56.831+0000] {dagbag.py:536} INFO - Filling up the DagBag from /opt/airflow/dags/ETL_toll_data.py
[2023-12-18T22:34:56.844+0000] {processor.py:839} INFO - DAG(s) dict_keys(['ETL_toll_data']) retrieved from /opt/airflow/dags/ETL_toll_data.py
[2023-12-18T22:34:56.880+0000] {logging_mixin.py:154} INFO - [2023-12-18T22:34:56.880+0000] {dag.py:2941} INFO - Sync 1 DAGs
[2023-12-18T22:34:56.906+0000] {logging_mixin.py:154} INFO - [2023-12-18T22:34:56.905+0000] {dag.py:3722} INFO - Setting next_dagrun for ETL_toll_data to 2023-12-18T00:00:00+00:00, run_after=2023-12-19T00:00:00+00:00
[2023-12-18T22:34:56.930+0000] {processor.py:179} INFO - Processing /opt/airflow/dags/ETL_toll_data.py took 0.108 seconds
[2023-12-18T22:35:27.106+0000] {processor.py:157} INFO - Started process (PID=183) to work on /opt/airflow/dags/ETL_toll_data.py
[2023-12-18T22:35:27.107+0000] {processor.py:829} INFO - Processing file /opt/airflow/dags/ETL_toll_data.py for tasks to queue
[2023-12-18T22:35:27.109+0000] {logging_mixin.py:154} INFO - [2023-12-18T22:35:27.109+0000] {dagbag.py:536} INFO - Filling up the DagBag from /opt/airflow/dags/ETL_toll_data.py
[2023-12-18T22:35:27.124+0000] {processor.py:839} INFO - DAG(s) dict_keys(['ETL_toll_data']) retrieved from /opt/airflow/dags/ETL_toll_data.py
[2023-12-18T22:35:27.161+0000] {logging_mixin.py:154} INFO - [2023-12-18T22:35:27.161+0000] {dag.py:2941} INFO - Sync 1 DAGs
[2023-12-18T22:35:27.189+0000] {logging_mixin.py:154} INFO - [2023-12-18T22:35:27.188+0000] {dag.py:3722} INFO - Setting next_dagrun for ETL_toll_data to 2023-12-18T00:00:00+00:00, run_after=2023-12-19T00:00:00+00:00
[2023-12-18T22:35:27.218+0000] {processor.py:179} INFO - Processing /opt/airflow/dags/ETL_toll_data.py took 0.116 seconds
[2023-12-18T22:35:57.389+0000] {processor.py:157} INFO - Started process (PID=191) to work on /opt/airflow/dags/ETL_toll_data.py
[2023-12-18T22:35:57.390+0000] {processor.py:829} INFO - Processing file /opt/airflow/dags/ETL_toll_data.py for tasks to queue
[2023-12-18T22:35:57.392+0000] {logging_mixin.py:154} INFO - [2023-12-18T22:35:57.392+0000] {dagbag.py:536} INFO - Filling up the DagBag from /opt/airflow/dags/ETL_toll_data.py
[2023-12-18T22:35:57.407+0000] {processor.py:839} INFO - DAG(s) dict_keys(['ETL_toll_data']) retrieved from /opt/airflow/dags/ETL_toll_data.py
[2023-12-18T22:35:57.455+0000] {logging_mixin.py:154} INFO - [2023-12-18T22:35:57.454+0000] {dag.py:2941} INFO - Sync 1 DAGs
[2023-12-18T22:35:57.492+0000] {logging_mixin.py:154} INFO - [2023-12-18T22:35:57.492+0000] {dag.py:3722} INFO - Setting next_dagrun for ETL_toll_data to 2023-12-18T00:00:00+00:00, run_after=2023-12-19T00:00:00+00:00
[2023-12-18T22:35:57.531+0000] {processor.py:179} INFO - Processing /opt/airflow/dags/ETL_toll_data.py took 0.146 seconds
