[2023-12-02T23:28:22.081+0000] {taskinstance.py:1159} INFO - Dependencies all met for dep_context=non-requeueable deps ti=<TaskInstance: ETL_toll_data.unzip_data manual__2023-12-02T23:28:05.949206+00:00 [queued]>
[2023-12-02T23:28:22.349+0000] {taskinstance.py:1159} INFO - Dependencies all met for dep_context=requeueable deps ti=<TaskInstance: ETL_toll_data.unzip_data manual__2023-12-02T23:28:05.949206+00:00 [queued]>
[2023-12-02T23:28:22.350+0000] {taskinstance.py:1361} INFO - Starting attempt 1 of 2
[2023-12-02T23:28:22.468+0000] {taskinstance.py:1382} INFO - Executing <Task(BashOperator): unzip_data> on 2023-12-02 23:28:05.949206+00:00
[2023-12-02T23:28:22.487+0000] {standard_task_runner.py:57} INFO - Started process 1935 to run task
[2023-12-02T23:28:22.510+0000] {standard_task_runner.py:84} INFO - Running: ['***', 'tasks', 'run', 'ETL_toll_data', 'unzip_data', 'manual__2023-12-02T23:28:05.949206+00:00', '--job-id', '144', '--raw', '--subdir', 'DAGS_FOLDER/ETL_toll_data.py', '--cfg-path', '/tmp/tmpzj5_i_f0']
[2023-12-02T23:28:22.513+0000] {standard_task_runner.py:85} INFO - Job 144: Subtask unzip_data
[2023-12-02T23:28:22.715+0000] {task_command.py:416} INFO - Running <TaskInstance: ETL_toll_data.unzip_data manual__2023-12-02T23:28:05.949206+00:00 [running]> on host 227737b5950b
[2023-12-02T23:28:23.284+0000] {taskinstance.py:1662} INFO - Exporting env vars: AIRFLOW_CTX_DAG_EMAIL='chibuikeokenu@gmail.com' AIRFLOW_CTX_DAG_OWNER='Golstine' AIRFLOW_CTX_DAG_ID='ETL_toll_data' AIRFLOW_CTX_TASK_ID='unzip_data' AIRFLOW_CTX_EXECUTION_DATE='2023-12-02T23:28:05.949206+00:00' AIRFLOW_CTX_TRY_NUMBER='1' AIRFLOW_CTX_DAG_RUN_ID='manual__2023-12-02T23:28:05.949206+00:00'
[2023-12-02T23:28:23.374+0000] {subprocess.py:63} INFO - Tmp dir root location: /tmp
[2023-12-02T23:28:23.434+0000] {subprocess.py:75} INFO - Running command: ['/bin/bash', '-c', 'tar -zxvf /opt/***/logs/tolldata.tgz -C /opt/***/logs/']
[2023-12-02T23:28:23.552+0000] {subprocess.py:86} INFO - Output:
[2023-12-02T23:28:23.822+0000] {subprocess.py:93} INFO - fileformats.txt
[2023-12-02T23:28:23.823+0000] {subprocess.py:93} INFO - payment-data.txt
[2023-12-02T23:28:23.848+0000] {subprocess.py:93} INFO - ._tollplaza-data.tsv
[2023-12-02T23:28:23.849+0000] {subprocess.py:93} INFO - tollplaza-data.tsv
[2023-12-02T23:28:23.869+0000] {subprocess.py:93} INFO - ._vehicle-data.csv
[2023-12-02T23:28:23.870+0000] {subprocess.py:93} INFO - vehicle-data.csv
[2023-12-02T23:28:23.886+0000] {subprocess.py:97} INFO - Command exited with return code 0
[2023-12-02T23:28:24.025+0000] {taskinstance.py:1400} INFO - Marking task as SUCCESS. dag_id=ETL_toll_data, task_id=unzip_data, execution_date=20231202T232805, start_date=20231202T232822, end_date=20231202T232824
[2023-12-02T23:28:24.190+0000] {local_task_job_runner.py:228} INFO - Task exited with return code 0
[2023-12-02T23:28:24.287+0000] {taskinstance.py:2778} INFO - 1 downstream tasks scheduled from follow-on schedule check
