[2023-12-01T00:40:12.297+0000] {taskinstance.py:1159} INFO - Dependencies all met for dep_context=non-requeueable deps ti=<TaskInstance: ETL_toll_data.unzip_data manual__2023-12-01T00:40:10.029128+00:00 [queued]>
[2023-12-01T00:40:12.323+0000] {taskinstance.py:1159} INFO - Dependencies all met for dep_context=requeueable deps ti=<TaskInstance: ETL_toll_data.unzip_data manual__2023-12-01T00:40:10.029128+00:00 [queued]>
[2023-12-01T00:40:12.323+0000] {taskinstance.py:1361} INFO - Starting attempt 1 of 2
[2023-12-01T00:40:12.388+0000] {taskinstance.py:1382} INFO - Executing <Task(BashOperator): unzip_data> on 2023-12-01 00:40:10.029128+00:00
[2023-12-01T00:40:12.406+0000] {standard_task_runner.py:57} INFO - Started process 2574 to run task
[2023-12-01T00:40:12.412+0000] {standard_task_runner.py:84} INFO - Running: ['***', 'tasks', 'run', 'ETL_toll_data', 'unzip_data', 'manual__2023-12-01T00:40:10.029128+00:00', '--job-id', '23', '--raw', '--subdir', 'DAGS_FOLDER/ETL_toll_data.py', '--cfg-path', '/tmp/tmpvyystku6']
[2023-12-01T00:40:12.415+0000] {standard_task_runner.py:85} INFO - Job 23: Subtask unzip_data
[2023-12-01T00:40:12.554+0000] {task_command.py:416} INFO - Running <TaskInstance: ETL_toll_data.unzip_data manual__2023-12-01T00:40:10.029128+00:00 [running]> on host 227737b5950b
[2023-12-01T00:40:12.794+0000] {taskinstance.py:1662} INFO - Exporting env vars: AIRFLOW_CTX_DAG_EMAIL='chibuikeokenu@gmail.com' AIRFLOW_CTX_DAG_OWNER='Golstine' AIRFLOW_CTX_DAG_ID='ETL_toll_data' AIRFLOW_CTX_TASK_ID='unzip_data' AIRFLOW_CTX_EXECUTION_DATE='2023-12-01T00:40:10.029128+00:00' AIRFLOW_CTX_TRY_NUMBER='1' AIRFLOW_CTX_DAG_RUN_ID='manual__2023-12-01T00:40:10.029128+00:00'
[2023-12-01T00:40:12.795+0000] {subprocess.py:63} INFO - Tmp dir root location: /tmp
[2023-12-01T00:40:12.796+0000] {subprocess.py:75} INFO - Running command: ['/bin/bash', '-c', 'ls -l /opt/***/logs']
[2023-12-01T00:40:12.834+0000] {subprocess.py:86} INFO - Output:
[2023-12-01T00:40:12.851+0000] {subprocess.py:93} INFO - total 532
[2023-12-01T00:40:12.851+0000] {subprocess.py:93} INFO - drwxrwxr-x 11 *** root   4096 Dec  1 00:40 dag_id=ETL_toll_data
[2023-12-01T00:40:12.852+0000] {subprocess.py:93} INFO - drwxr-xr-x  2 *** root   4096 Nov 30 21:34 dag_processor_manager
[2023-12-01T00:40:12.852+0000] {subprocess.py:93} INFO - drwxrwxr-x  4 *** root   4096 Dec  1 00:05 scheduler
[2023-12-01T00:40:12.854+0000] {subprocess.py:93} INFO - -rw-r--r--  1 root    root 528994 Sep 21  2022 tolldata.tgz
[2023-12-01T00:40:12.855+0000] {subprocess.py:97} INFO - Command exited with return code 0
[2023-12-01T00:40:12.941+0000] {taskinstance.py:1400} INFO - Marking task as SUCCESS. dag_id=ETL_toll_data, task_id=unzip_data, execution_date=20231201T004010, start_date=20231201T004012, end_date=20231201T004012
[2023-12-01T00:40:13.006+0000] {local_task_job_runner.py:228} INFO - Task exited with return code 0
[2023-12-01T00:40:13.071+0000] {taskinstance.py:2778} INFO - 1 downstream tasks scheduled from follow-on schedule check
