[2023-12-01T01:40:50.531+0000] {taskinstance.py:1159} INFO - Dependencies all met for dep_context=non-requeueable deps ti=<TaskInstance: ETL_toll_data.unzip_data manual__2023-12-01T01:40:48.901022+00:00 [queued]>
[2023-12-01T01:40:50.588+0000] {taskinstance.py:1159} INFO - Dependencies all met for dep_context=requeueable deps ti=<TaskInstance: ETL_toll_data.unzip_data manual__2023-12-01T01:40:48.901022+00:00 [queued]>
[2023-12-01T01:40:50.588+0000] {taskinstance.py:1361} INFO - Starting attempt 1 of 2
[2023-12-01T01:40:50.619+0000] {taskinstance.py:1382} INFO - Executing <Task(BashOperator): unzip_data> on 2023-12-01 01:40:48.901022+00:00
[2023-12-01T01:40:50.633+0000] {standard_task_runner.py:57} INFO - Started process 372 to run task
[2023-12-01T01:40:50.643+0000] {standard_task_runner.py:84} INFO - Running: ['***', 'tasks', 'run', 'ETL_toll_data', 'unzip_data', 'manual__2023-12-01T01:40:48.901022+00:00', '--job-id', '82', '--raw', '--subdir', 'DAGS_FOLDER/ETL_toll_data.py', '--cfg-path', '/tmp/tmptm3e5e5h']
[2023-12-01T01:40:50.647+0000] {standard_task_runner.py:85} INFO - Job 82: Subtask unzip_data
[2023-12-01T01:40:50.840+0000] {task_command.py:416} INFO - Running <TaskInstance: ETL_toll_data.unzip_data manual__2023-12-01T01:40:48.901022+00:00 [running]> on host 227737b5950b
[2023-12-01T01:40:51.111+0000] {taskinstance.py:1662} INFO - Exporting env vars: AIRFLOW_CTX_DAG_EMAIL='chibuikeokenu@gmail.com' AIRFLOW_CTX_DAG_OWNER='Golstine' AIRFLOW_CTX_DAG_ID='ETL_toll_data' AIRFLOW_CTX_TASK_ID='unzip_data' AIRFLOW_CTX_EXECUTION_DATE='2023-12-01T01:40:48.901022+00:00' AIRFLOW_CTX_TRY_NUMBER='1' AIRFLOW_CTX_DAG_RUN_ID='manual__2023-12-01T01:40:48.901022+00:00'
[2023-12-01T01:40:51.112+0000] {subprocess.py:63} INFO - Tmp dir root location: /tmp
[2023-12-01T01:40:51.113+0000] {subprocess.py:75} INFO - Running command: ['/bin/bash', '-c', 'tar -xzvf /opt/***/logs/tolldata.tgz']
[2023-12-01T01:40:51.176+0000] {subprocess.py:86} INFO - Output:
[2023-12-01T01:40:51.234+0000] {subprocess.py:93} INFO - fileformats.txt
[2023-12-01T01:40:51.235+0000] {subprocess.py:93} INFO - payment-data.txt
[2023-12-01T01:40:51.248+0000] {subprocess.py:93} INFO - ._tollplaza-data.tsv
[2023-12-01T01:40:51.249+0000] {subprocess.py:93} INFO - tollplaza-data.tsv
[2023-12-01T01:40:51.257+0000] {subprocess.py:93} INFO - ._vehicle-data.csv
[2023-12-01T01:40:51.257+0000] {subprocess.py:93} INFO - vehicle-data.csv
[2023-12-01T01:40:51.268+0000] {subprocess.py:97} INFO - Command exited with return code 0
[2023-12-01T01:40:51.371+0000] {taskinstance.py:1400} INFO - Marking task as SUCCESS. dag_id=ETL_toll_data, task_id=unzip_data, execution_date=20231201T014048, start_date=20231201T014050, end_date=20231201T014051
[2023-12-01T01:40:51.450+0000] {local_task_job_runner.py:228} INFO - Task exited with return code 0
[2023-12-01T01:40:51.541+0000] {taskinstance.py:2778} INFO - 1 downstream tasks scheduled from follow-on schedule check
